#
# There is insufficient memory for the Java Runtime Environment to continue.
# Native memory allocation (malloc) failed to allocate 1607776 bytes for Chunk::new
# Possible reasons:
#   The system is out of physical RAM or swap space
#   The process is running with CompressedOops enabled, and the Java Heap may be blocking the growth of the native heap
# Possible solutions:
#   Reduce memory load on the system
#   Increase physical memory or swap space
#   Check if swap backing store is full
#   Decrease Java heap size (-Xmx/-Xms)
#   Decrease number of Java threads
#   Decrease Java thread stack sizes (-Xss)
#   Set larger code cache with -XX:ReservedCodeCacheSize=
#   JVM is running with Unscaled Compressed Oops mode in which the Java heap is
#     placed in the first 4GB address space. The Java Heap base address is the
#     maximum limit for the native heap growth. Please use -XX:HeapBaseMinAddress
#     to set the Java Heap base and to place the Java Heap above 4GB virtual address.
# This output file may be truncated or incomplete.
#
#  Out of Memory Error (arena.cpp:189), pid=18676, tid=17712
#
# JRE version: OpenJDK Runtime Environment Temurin-17.0.1+12 (17.0.1+12) (build 17.0.1+12)
# Java VM: OpenJDK 64-Bit Server VM Temurin-17.0.1+12 (17.0.1+12, mixed mode, tiered, compressed oops, compressed class ptrs, g1 gc, windows-amd64)
# No core dump will be written. Minidumps are not enabled by default on client versions of Windows
#

---------------  S U M M A R Y ------------

Command Line: -Dfile.encoding=UTF-8 -XX:+ShowCodeDetailsInExceptionMessages br.com.fluffynow.api.ApiApplication

Host: Intel(R) Core(TM) i3-8130U CPU @ 2.20GHz, 4 cores, 3G,  Windows 10 , 64 bit Build 19041 (10.0.19041.3570)
Time: Sun Oct 15 11:45:36 2023 Hora oficial do Brasil elapsed time: 2490.924135 seconds (0d 0h 41m 30s)

---------------  T H R E A D  ---------------

Current thread (0x000001af2c303840):  JavaThread "C2 CompilerThread0" daemon [_thread_in_native, id=17712, stack(0x0000003f01900000,0x0000003f01a00000)]


Current CompileTask:
C2:2490925 10596       4       org.springframework.core.annotation.TypeMappedAnnotation::getValue (151 bytes)

Stack: [0x0000003f01900000,0x0000003f01a00000]
Native frames: (J=compiled Java code, j=interpreted, Vv=VM code, C=native code)
V  [jvm.dll+0x6744da]
V  [jvm.dll+0x82e144]
V  [jvm.dll+0x82f8ee]
V  [jvm.dll+0x82ff53]
V  [jvm.dll+0x245175]
V  [jvm.dll+0xab85b]
V  [jvm.dll+0xabdec]
V  [jvm.dll+0x362f07]
V  [jvm.dll+0x32d4c1]
V  [jvm.dll+0x32c96a]
V  [jvm.dll+0x218031]
V  [jvm.dll+0x217451]
V  [jvm.dll+0x1a355d]
V  [jvm.dll+0x226e38]
V  [jvm.dll+0x224f7c]
V  [jvm.dll+0x7e3f5b]
V  [jvm.dll+0x7de51a]
V  [jvm.dll+0x673305]
C  [ucrtbase.dll+0x21bb2]
C  [KERNEL32.DLL+0x17344]
C  [ntdll.dll+0x526b1]


---------------  P R O C E S S  ---------------

Threads class SMR info:
_java_thread_list=0x000001af2d7c4210, length=32, elements={
0x000001af2c29d330, 0x000001af2c29f1b0, 0x000001af2c2e3020, 0x000001af2c2e4be0,
0x000001af2c2e5590, 0x000001af2c2e6f50, 0x000001af2c303840, 0x000001af2c309b30,
0x000001af2c324110, 0x000001af2ce48bd0, 0x000001af2ce6e410, 0x000001af31a9b540,
0x000001af34c27040, 0x000001af34c27510, 0x000001af34c22340, 0x000001af34c22810,
0x000001af34c26b70, 0x000001af34c24020, 0x000001af34c25830, 0x000001af34c25d00,
0x000001af34c279e0, 0x000001af34c266a0, 0x000001af34c28850, 0x000001af34c22ce0,
0x000001af34c249c0, 0x000001af34c23b50, 0x000001af34c24e90, 0x000001af34c25360,
0x000001af31a9ba10, 0x000001af31a9bee0, 0x000001af31a9c3b0, 0x000001af31a9c880
}

Java Threads: ( => current thread )
  0x000001af2c29d330 JavaThread "Reference Handler" daemon [_thread_blocked, id=11644, stack(0x0000003f01300000,0x0000003f01400000)]
  0x000001af2c29f1b0 JavaThread "Finalizer" daemon [_thread_blocked, id=12040, stack(0x0000003f01400000,0x0000003f01500000)]
  0x000001af2c2e3020 JavaThread "Signal Dispatcher" daemon [_thread_blocked, id=19928, stack(0x0000003f01500000,0x0000003f01600000)]
  0x000001af2c2e4be0 JavaThread "Attach Listener" daemon [_thread_blocked, id=8924, stack(0x0000003f01600000,0x0000003f01700000)]
  0x000001af2c2e5590 JavaThread "Service Thread" daemon [_thread_blocked, id=4140, stack(0x0000003f01700000,0x0000003f01800000)]
  0x000001af2c2e6f50 JavaThread "Monitor Deflation Thread" daemon [_thread_blocked, id=5480, stack(0x0000003f01800000,0x0000003f01900000)]
=>0x000001af2c303840 JavaThread "C2 CompilerThread0" daemon [_thread_in_native, id=17712, stack(0x0000003f01900000,0x0000003f01a00000)]
  0x000001af2c309b30 JavaThread "C1 CompilerThread0" daemon [_thread_blocked, id=20180, stack(0x0000003f01a00000,0x0000003f01b00000)]
  0x000001af2c324110 JavaThread "Sweeper thread" daemon [_thread_blocked, id=10648, stack(0x0000003f01b00000,0x0000003f01c00000)]
  0x000001af2ce48bd0 JavaThread "Notification Thread" daemon [_thread_blocked, id=13700, stack(0x0000003f01c00000,0x0000003f01d00000)]
  0x000001af2ce6e410 JavaThread "Common-Cleaner" daemon [_thread_blocked, id=5892, stack(0x0000003f01e00000,0x0000003f01f00000)]
  0x000001af31a9b540 JavaThread "PostgreSQL-JDBC-Cleaner" daemon [_thread_blocked, id=3232, stack(0x0000003f02900000,0x0000003f02a00000)]
  0x000001af34c27040 JavaThread "Live Reload Server" daemon [_thread_in_native, id=20012, stack(0x0000003f02e00000,0x0000003f02f00000)]
  0x000001af34c27510 JavaThread "DestroyJavaVM" [_thread_blocked, id=11044, stack(0x0000003f00c00000,0x0000003f00d00000)]
  0x000001af34c22340 JavaThread "Catalina-utility-1" [_thread_blocked, id=8288, stack(0x0000003f02200000,0x0000003f02300000)]
  0x000001af34c22810 JavaThread "Catalina-utility-2" [_thread_blocked, id=5164, stack(0x0000003f02400000,0x0000003f02500000)]
  0x000001af34c26b70 JavaThread "container-0" [_thread_blocked, id=1064, stack(0x0000003f02500000,0x0000003f02600000)]
  0x000001af34c24020 JavaThread "HikariPool-5 housekeeper" daemon [_thread_blocked, id=19592, stack(0x0000003f02700000,0x0000003f02800000)]
  0x000001af34c25830 JavaThread "HikariPool-5 connection adder" daemon [_thread_blocked, id=19524, stack(0x0000003f02800000,0x0000003f02900000)]
  0x000001af34c25d00 JavaThread "File Watcher" daemon [_thread_blocked, id=7980, stack(0x0000003f02a00000,0x0000003f02b00000)]
  0x000001af34c279e0 JavaThread "http-nio-8080-exec-1" daemon [_thread_blocked, id=14876, stack(0x0000003f02b00000,0x0000003f02c00000)]
  0x000001af34c266a0 JavaThread "http-nio-8080-exec-2" daemon [_thread_blocked, id=14636, stack(0x0000003f02c00000,0x0000003f02d00000)]
  0x000001af34c28850 JavaThread "http-nio-8080-exec-3" daemon [_thread_blocked, id=2792, stack(0x0000003f02d00000,0x0000003f02e00000)]
  0x000001af34c22ce0 JavaThread "http-nio-8080-exec-4" daemon [_thread_blocked, id=10540, stack(0x0000003f02f00000,0x0000003f03000000)]
  0x000001af34c249c0 JavaThread "http-nio-8080-exec-5" daemon [_thread_blocked, id=12156, stack(0x0000003f03000000,0x0000003f03100000)]
  0x000001af34c23b50 JavaThread "http-nio-8080-exec-6" daemon [_thread_blocked, id=4600, stack(0x0000003f03100000,0x0000003f03200000)]
  0x000001af34c24e90 JavaThread "http-nio-8080-exec-7" daemon [_thread_blocked, id=12628, stack(0x0000003f03200000,0x0000003f03300000)]
  0x000001af34c25360 JavaThread "http-nio-8080-exec-8" daemon [_thread_blocked, id=18424, stack(0x0000003f03300000,0x0000003f03400000)]
  0x000001af31a9ba10 JavaThread "http-nio-8080-exec-9" daemon [_thread_blocked, id=13440, stack(0x0000003f03400000,0x0000003f03500000)]
  0x000001af31a9bee0 JavaThread "http-nio-8080-exec-10" daemon [_thread_blocked, id=17608, stack(0x0000003f03500000,0x0000003f03600000)]
  0x000001af31a9c3b0 JavaThread "http-nio-8080-Poller" daemon [_thread_in_native, id=10496, stack(0x0000003f03600000,0x0000003f03700000)]
  0x000001af31a9c880 JavaThread "http-nio-8080-Acceptor" daemon [_thread_in_native, id=18672, stack(0x0000003f03700000,0x0000003f03800000)]

Other Threads:
  0x000001af2c2b7400 VMThread "VM Thread" [stack: 0x0000003f01200000,0x0000003f01300000] [id=20216]
  0x000001af2cdbe380 WatcherThread [stack: 0x0000003f01d00000,0x0000003f01e00000] [id=9884]
  0x000001af1335a580 GCTaskThread "GC Thread#0" [stack: 0x0000003f00d00000,0x0000003f00e00000] [id=2364]
  0x000001af2d740500 GCTaskThread "GC Thread#1" [stack: 0x0000003f01f00000,0x0000003f02000000] [id=19584]
  0x000001af2d54c280 GCTaskThread "GC Thread#2" [stack: 0x0000003f02000000,0x0000003f02100000] [id=2856]
  0x000001af2d6dc660 GCTaskThread "GC Thread#3" [stack: 0x0000003f02100000,0x0000003f02200000] [id=11312]
  0x000001af13363100 ConcurrentGCThread "G1 Main Marker" [stack: 0x0000003f00e00000,0x0000003f00f00000] [id=11384]
  0x000001af13364b20 ConcurrentGCThread "G1 Conc#0" [stack: 0x0000003f00f00000,0x0000003f01000000] [id=9804]
  0x000001af133b9180 ConcurrentGCThread "G1 Refine#0" [stack: 0x0000003f01000000,0x0000003f01100000] [id=16720]
  0x000001af133babb0 ConcurrentGCThread "G1 Service" [stack: 0x0000003f01100000,0x0000003f01200000] [id=12552]

Threads with active compile tasks:
C2 CompilerThread0  2491151 10596       4       org.springframework.core.annotation.TypeMappedAnnotation::getValue (151 bytes)

VM state: not at safepoint (normal execution)

VM Mutex/Monitor currently owned by a thread: None

Heap address: 0x00000000c1e00000, size: 994 MB, Compressed Oops mode: 32-bit

CDS archive(s) not mapped
Compressed class space mapped at: 0x0000000100000000-0x0000000140000000, reserved size: 1073741824
Narrow klass base: 0x0000000000000000, Narrow klass shift: 3, Narrow klass range: 0x140000000

GC Precious Log:
 CPUs: 4 total, 4 available
 Memory: 3971M
 Large Page Support: Disabled
 NUMA Support: Disabled
 Compressed Oops: Enabled (32-bit)
 Heap Region Size: 1M
 Heap Min Capacity: 8M
 Heap Initial Capacity: 64M
 Heap Max Capacity: 994M
 Pre-touch: Disabled
 Parallel Workers: 4
 Concurrent Workers: 1
 Concurrent Refinement Workers: 4
 Periodic GC: Disabled

Heap:
 garbage-first heap   total 235520K, used 62167K [0x00000000c1e00000, 0x0000000100000000)
  region size 1024K, 40 young (40960K), 5 survivors (5120K)
 Metaspace       used 77703K, committed 78208K, reserved 1122304K
  class space    used 9811K, committed 10048K, reserved 1048576K

Heap Regions: E=young(eden), S=young(survivor), O=old, HS=humongous(starts), HC=humongous(continues), CS=collection set, F=free, OA=open archive, CA=closed archive, TAMS=top-at-mark-start (previous, next)
|   0|0x00000000c1e00000, 0x00000000c1f00000, 0x00000000c1f00000|100%|HS|  |TAMS 0x00000000c1f00000, 0x00000000c1e00000| Untracked 
|   1|0x00000000c1f00000, 0x00000000c2000000, 0x00000000c2000000|100%| O|  |TAMS 0x00000000c2000000, 0x00000000c1f00000| Untracked 
|   2|0x00000000c2000000, 0x00000000c2100000, 0x00000000c2100000|100%| O|  |TAMS 0x00000000c2100000, 0x00000000c2000000| Untracked 
|   3|0x00000000c2100000, 0x00000000c21ffff8, 0x00000000c2200000| 99%| O|  |TAMS 0x00000000c21ffff8, 0x00000000c2100000| Untracked 
|   4|0x00000000c2200000, 0x00000000c22fffe0, 0x00000000c2300000| 99%| O|  |TAMS 0x00000000c22fffe0, 0x00000000c2200000| Untracked 
|   5|0x00000000c2300000, 0x00000000c23ffec8, 0x00000000c2400000| 99%| O|  |TAMS 0x00000000c23ffec8, 0x00000000c2300000| Untracked 
|   6|0x00000000c2400000, 0x00000000c24fe9d0, 0x00000000c2500000| 99%| O|  |TAMS 0x00000000c24fe9d0, 0x00000000c2400000| Untracked 
|   7|0x00000000c2500000, 0x00000000c25ffff0, 0x00000000c2600000| 99%| O|  |TAMS 0x00000000c25ffff0, 0x00000000c2500000| Untracked 
|   8|0x00000000c2600000, 0x00000000c26ffff8, 0x00000000c2700000| 99%| O|  |TAMS 0x00000000c26ffff8, 0x00000000c2600000| Untracked 
|   9|0x00000000c2700000, 0x00000000c27fffe8, 0x00000000c2800000| 99%| O|  |TAMS 0x00000000c27fffe8, 0x00000000c2700000| Untracked 
|  10|0x00000000c2800000, 0x00000000c28ffff0, 0x00000000c2900000| 99%| O|  |TAMS 0x00000000c28ffff0, 0x00000000c2800000| Untracked 
|  11|0x00000000c2900000, 0x00000000c2a00000, 0x00000000c2a00000|100%| O|  |TAMS 0x00000000c2a00000, 0x00000000c2900000| Untracked 
|  12|0x00000000c2a00000, 0x00000000c2afffd0, 0x00000000c2b00000| 99%| O|  |TAMS 0x00000000c2afffd0, 0x00000000c2a00000| Untracked 
|  13|0x00000000c2b00000, 0x00000000c2bfffe8, 0x00000000c2c00000| 99%| O|  |TAMS 0x00000000c2bfffe8, 0x00000000c2b00000| Untracked 
|  14|0x00000000c2c00000, 0x00000000c2cfffd0, 0x00000000c2d00000| 99%| O|  |TAMS 0x00000000c2cfffd0, 0x00000000c2c00000| Untracked 
|  15|0x00000000c2d00000, 0x00000000c2dfffd0, 0x00000000c2e00000| 99%| O|  |TAMS 0x00000000c2dfffd0, 0x00000000c2d00000| Untracked 
|  16|0x00000000c2e00000, 0x00000000c2efffd8, 0x00000000c2f00000| 99%| O|  |TAMS 0x00000000c2efffd8, 0x00000000c2e00000| Untracked 
|  17|0x00000000c2f00000, 0x00000000c2fffff8, 0x00000000c3000000| 99%| O|  |TAMS 0x00000000c2fffff8, 0x00000000c2f00000| Untracked 
|  18|0x00000000c3000000, 0x00000000c30fffd8, 0x00000000c3100000| 99%| O|  |TAMS 0x00000000c3000000, 0x00000000c3000000| Untracked 
|  19|0x00000000c3100000, 0x00000000c3200000, 0x00000000c3200000|100%| O|  |TAMS 0x00000000c3100000, 0x00000000c3100000| Untracked 
|  20|0x00000000c3200000, 0x00000000c32fff18, 0x00000000c3300000| 99%| O|  |TAMS 0x00000000c32fff18, 0x00000000c3200000| Untracked 
|  21|0x00000000c3300000, 0x00000000c33c8b10, 0x00000000c3400000| 78%| O|  |TAMS 0x00000000c3300000, 0x00000000c3300000| Untracked 
|  22|0x00000000c3400000, 0x00000000c3449890, 0x00000000c3500000| 28%| O|  |TAMS 0x00000000c3400000, 0x00000000c3400000| Untracked 
|  23|0x00000000c3500000, 0x00000000c3500000, 0x00000000c3600000|  0%| F|  |TAMS 0x00000000c3500000, 0x00000000c3500000| Untracked 
|  24|0x00000000c3600000, 0x00000000c3600000, 0x00000000c3700000|  0%| F|  |TAMS 0x00000000c3600000, 0x00000000c3600000| Untracked 
|  25|0x00000000c3700000, 0x00000000c3700000, 0x00000000c3800000|  0%| F|  |TAMS 0x00000000c3700000, 0x00000000c3700000| Untracked 
|  26|0x00000000c3800000, 0x00000000c3800000, 0x00000000c3900000|  0%| F|  |TAMS 0x00000000c3800000, 0x00000000c3800000| Untracked 
|  27|0x00000000c3900000, 0x00000000c3900000, 0x00000000c3a00000|  0%| F|  |TAMS 0x00000000c3900000, 0x00000000c3900000| Untracked 
|  28|0x00000000c3a00000, 0x00000000c3a00000, 0x00000000c3b00000|  0%| F|  |TAMS 0x00000000c3a00000, 0x00000000c3a00000| Untracked 
|  29|0x00000000c3b00000, 0x00000000c3b00000, 0x00000000c3c00000|  0%| F|  |TAMS 0x00000000c3b00000, 0x00000000c3b00000| Untracked 
|  30|0x00000000c3c00000, 0x00000000c3c82ae0, 0x00000000c3d00000| 51%| S|CS|TAMS 0x00000000c3c00000, 0x00000000c3c00000| Complete 
|  31|0x00000000c3d00000, 0x00000000c3e00000, 0x00000000c3e00000|100%| S|CS|TAMS 0x00000000c3d00000, 0x00000000c3d00000| Complete 
|  32|0x00000000c3e00000, 0x00000000c3f00000, 0x00000000c3f00000|100%| S|CS|TAMS 0x00000000c3e00000, 0x00000000c3e00000| Complete 
|  33|0x00000000c3f00000, 0x00000000c3f00000, 0x00000000c4000000|  0%| F|  |TAMS 0x00000000c3f00000, 0x00000000c3f00000| Untracked 
|  34|0x00000000c4000000, 0x00000000c4000000, 0x00000000c4100000|  0%| F|  |TAMS 0x00000000c4000000, 0x00000000c4000000| Untracked 
|  35|0x00000000c4100000, 0x00000000c4100000, 0x00000000c4200000|  0%| F|  |TAMS 0x00000000c4100000, 0x00000000c4100000| Untracked 
|  36|0x00000000c4200000, 0x00000000c4300000, 0x00000000c4300000|100%| S|CS|TAMS 0x00000000c4200000, 0x00000000c4200000| Complete 
|  37|0x00000000c4300000, 0x00000000c4400000, 0x00000000c4400000|100%| S|CS|TAMS 0x00000000c4300000, 0x00000000c4300000| Complete 
|  38|0x00000000c4400000, 0x00000000c4400000, 0x00000000c4500000|  0%| F|  |TAMS 0x00000000c4400000, 0x00000000c4400000| Untracked 
|  39|0x00000000c4500000, 0x00000000c4500000, 0x00000000c4600000|  0%| F|  |TAMS 0x00000000c4500000, 0x00000000c4500000| Untracked 
|  40|0x00000000c4600000, 0x00000000c4600000, 0x00000000c4700000|  0%| F|  |TAMS 0x00000000c4600000, 0x00000000c4600000| Untracked 
|  41|0x00000000c4700000, 0x00000000c4700000, 0x00000000c4800000|  0%| F|  |TAMS 0x00000000c4700000, 0x00000000c4700000| Untracked 
|  42|0x00000000c4800000, 0x00000000c4800000, 0x00000000c4900000|  0%| F|  |TAMS 0x00000000c4800000, 0x00000000c4800000| Untracked 
|  43|0x00000000c4900000, 0x00000000c4900000, 0x00000000c4a00000|  0%| F|  |TAMS 0x00000000c4900000, 0x00000000c4900000| Untracked 
|  44|0x00000000c4a00000, 0x00000000c4a00000, 0x00000000c4b00000|  0%| F|  |TAMS 0x00000000c4a00000, 0x00000000c4a00000| Untracked 
|  45|0x00000000c4b00000, 0x00000000c4b00000, 0x00000000c4c00000|  0%| F|  |TAMS 0x00000000c4b00000, 0x00000000c4b00000| Untracked 
|  46|0x00000000c4c00000, 0x00000000c4c00000, 0x00000000c4d00000|  0%| F|  |TAMS 0x00000000c4c00000, 0x00000000c4c00000| Untracked 
|  47|0x00000000c4d00000, 0x00000000c4d00000, 0x00000000c4e00000|  0%| F|  |TAMS 0x00000000c4d00000, 0x00000000c4d00000| Untracked 
|  48|0x00000000c4e00000, 0x00000000c4e00000, 0x00000000c4f00000|  0%| F|  |TAMS 0x00000000c4e00000, 0x00000000c4e00000| Untracked 
|  49|0x00000000c4f00000, 0x00000000c4f00000, 0x00000000c5000000|  0%| F|  |TAMS 0x00000000c4f00000, 0x00000000c4f00000| Untracked 
|  50|0x00000000c5000000, 0x00000000c5000000, 0x00000000c5100000|  0%| F|  |TAMS 0x00000000c5000000, 0x00000000c5000000| Untracked 
|  51|0x00000000c5100000, 0x00000000c5100000, 0x00000000c5200000|  0%| F|  |TAMS 0x00000000c5100000, 0x00000000c5100000| Untracked 
|  52|0x00000000c5200000, 0x00000000c5200000, 0x00000000c5300000|  0%| F|  |TAMS 0x00000000c5200000, 0x00000000c5200000| Untracked 
|  53|0x00000000c5300000, 0x00000000c5300000, 0x00000000c5400000|  0%| F|  |TAMS 0x00000000c5300000, 0x00000000c5300000| Untracked 
|  54|0x00000000c5400000, 0x00000000c5400000, 0x00000000c5500000|  0%| F|  |TAMS 0x00000000c5400000, 0x00000000c5400000| Untracked 
|  55|0x00000000c5500000, 0x00000000c5500000, 0x00000000c5600000|  0%| F|  |TAMS 0x00000000c5500000, 0x00000000c5500000| Untracked 
|  56|0x00000000c5600000, 0x00000000c5600000, 0x00000000c5700000|  0%| F|  |TAMS 0x00000000c5600000, 0x00000000c5600000| Untracked 
|  57|0x00000000c5700000, 0x00000000c5700000, 0x00000000c5800000|  0%| F|  |TAMS 0x00000000c5700000, 0x00000000c5700000| Untracked 
|  58|0x00000000c5800000, 0x00000000c5800000, 0x00000000c5900000|  0%| F|  |TAMS 0x00000000c5800000, 0x00000000c5800000| Untracked 
|  59|0x00000000c5900000, 0x00000000c5900000, 0x00000000c5a00000|  0%| F|  |TAMS 0x00000000c5900000, 0x00000000c5900000| Untracked 
|  60|0x00000000c5a00000, 0x00000000c5a00000, 0x00000000c5b00000|  0%| F|  |TAMS 0x00000000c5a00000, 0x00000000c5a00000| Untracked 
|  61|0x00000000c5b00000, 0x00000000c5b00000, 0x00000000c5c00000|  0%| F|  |TAMS 0x00000000c5b00000, 0x00000000c5b00000| Untracked 
|  62|0x00000000c5c00000, 0x00000000c5c00000, 0x00000000c5d00000|  0%| F|  |TAMS 0x00000000c5c00000, 0x00000000c5c00000| Untracked 
|  63|0x00000000c5d00000, 0x00000000c5d00000, 0x00000000c5e00000|  0%| F|  |TAMS 0x00000000c5d00000, 0x00000000c5d00000| Untracked 
|  64|0x00000000c5e00000, 0x00000000c5e00000, 0x00000000c5f00000|  0%| F|  |TAMS 0x00000000c5e00000, 0x00000000c5e00000| Untracked 
|  65|0x00000000c5f00000, 0x00000000c5f00000, 0x00000000c6000000|  0%| F|  |TAMS 0x00000000c5f00000, 0x00000000c5f00000| Untracked 
|  66|0x00000000c6000000, 0x00000000c6000000, 0x00000000c6100000|  0%| F|  |TAMS 0x00000000c6000000, 0x00000000c6000000| Untracked 
|  67|0x00000000c6100000, 0x00000000c6100000, 0x00000000c6200000|  0%| F|  |TAMS 0x00000000c6100000, 0x00000000c6100000| Untracked 
|  68|0x00000000c6200000, 0x00000000c6200000, 0x00000000c6300000|  0%| F|  |TAMS 0x00000000c6200000, 0x00000000c6200000| Untracked 
|  69|0x00000000c6300000, 0x00000000c6300000, 0x00000000c6400000|  0%| F|  |TAMS 0x00000000c6300000, 0x00000000c6300000| Untracked 
|  70|0x00000000c6400000, 0x00000000c6400000, 0x00000000c6500000|  0%| F|  |TAMS 0x00000000c6400000, 0x00000000c6400000| Untracked 
|  71|0x00000000c6500000, 0x00000000c6500000, 0x00000000c6600000|  0%| F|  |TAMS 0x00000000c6500000, 0x00000000c6500000| Untracked 
|  72|0x00000000c6600000, 0x00000000c6600000, 0x00000000c6700000|  0%| F|  |TAMS 0x00000000c6600000, 0x00000000c6600000| Untracked 
|  73|0x00000000c6700000, 0x00000000c6700000, 0x00000000c6800000|  0%| F|  |TAMS 0x00000000c6700000, 0x00000000c6700000| Untracked 
|  74|0x00000000c6800000, 0x00000000c6822738, 0x00000000c6900000| 13%| O|  |TAMS 0x00000000c6800000, 0x00000000c6800000| Untracked 
|  75|0x00000000c6900000, 0x00000000c6900000, 0x00000000c6a00000|  0%| F|  |TAMS 0x00000000c6900000, 0x00000000c6900000| Untracked 
|  76|0x00000000c6a00000, 0x00000000c6a00000, 0x00000000c6b00000|  0%| F|  |TAMS 0x00000000c6a00000, 0x00000000c6a00000| Untracked 
|  77|0x00000000c6b00000, 0x00000000c6b00000, 0x00000000c6c00000|  0%| F|  |TAMS 0x00000000c6b00000, 0x00000000c6b00000| Untracked 
|  78|0x00000000c6c00000, 0x00000000c6c00000, 0x00000000c6d00000|  0%| F|  |TAMS 0x00000000c6c00000, 0x00000000c6c00000| Untracked 
|  79|0x00000000c6d00000, 0x00000000c6d00000, 0x00000000c6e00000|  0%| F|  |TAMS 0x00000000c6d00000, 0x00000000c6d00000| Untracked 
|  80|0x00000000c6e00000, 0x00000000c6e00000, 0x00000000c6f00000|  0%| F|  |TAMS 0x00000000c6e00000, 0x00000000c6e00000| Untracked 
|  81|0x00000000c6f00000, 0x00000000c6f00000, 0x00000000c7000000|  0%| F|  |TAMS 0x00000000c6f00000, 0x00000000c6f00000| Untracked 
|  82|0x00000000c7000000, 0x00000000c7000000, 0x00000000c7100000|  0%| F|  |TAMS 0x00000000c7000000, 0x00000000c7000000| Untracked 
|  83|0x00000000c7100000, 0x00000000c7100000, 0x00000000c7200000|  0%| F|  |TAMS 0x00000000c7100000, 0x00000000c7100000| Untracked 
|  84|0x00000000c7200000, 0x00000000c7200000, 0x00000000c7300000|  0%| F|  |TAMS 0x00000000c7200000, 0x00000000c7200000| Untracked 
|  85|0x00000000c7300000, 0x00000000c7300000, 0x00000000c7400000|  0%| F|  |TAMS 0x00000000c7300000, 0x00000000c7300000| Untracked 
|  86|0x00000000c7400000, 0x00000000c7400000, 0x00000000c7500000|  0%| F|  |TAMS 0x00000000c7400000, 0x00000000c7400000| Untracked 
|  87|0x00000000c7500000, 0x00000000c7500000, 0x00000000c7600000|  0%| F|  |TAMS 0x00000000c7500000, 0x00000000c7500000| Untracked 
|  88|0x00000000c7600000, 0x00000000c7600000, 0x00000000c7700000|  0%| F|  |TAMS 0x00000000c7600000, 0x00000000c7600000| Untracked 
|  89|0x00000000c7700000, 0x00000000c7700000, 0x00000000c7800000|  0%| F|  |TAMS 0x00000000c7700000, 0x00000000c7700000| Untracked 
|  90|0x00000000c7800000, 0x00000000c7800000, 0x00000000c7900000|  0%| F|  |TAMS 0x00000000c7800000, 0x00000000c7800000| Untracked 
|  91|0x00000000c7900000, 0x00000000c7900000, 0x00000000c7a00000|  0%| F|  |TAMS 0x00000000c7900000, 0x00000000c7900000| Untracked 
|  92|0x00000000c7a00000, 0x00000000c7a00000, 0x00000000c7b00000|  0%| F|  |TAMS 0x00000000c7a00000, 0x00000000c7a00000| Untracked 
|  93|0x00000000c7b00000, 0x00000000c7b00000, 0x00000000c7c00000|  0%| F|  |TAMS 0x00000000c7b00000, 0x00000000c7b00000| Untracked 
|  94|0x00000000c7c00000, 0x00000000c7c00000, 0x00000000c7d00000|  0%| F|  |TAMS 0x00000000c7c00000, 0x00000000c7c00000| Untracked 
|  95|0x00000000c7d00000, 0x00000000c7d00000, 0x00000000c7e00000|  0%| F|  |TAMS 0x00000000c7d00000, 0x00000000c7d00000| Untracked 
|  96|0x00000000c7e00000, 0x00000000c7e00000, 0x00000000c7f00000|  0%| F|  |TAMS 0x00000000c7e00000, 0x00000000c7e00000| Untracked 
|  97|0x00000000c7f00000, 0x00000000c7f00000, 0x00000000c8000000|  0%| F|  |TAMS 0x00000000c7f00000, 0x00000000c7f00000| Untracked 
|  98|0x00000000c8000000, 0x00000000c8000000, 0x00000000c8100000|  0%| F|  |TAMS 0x00000000c8000000, 0x00000000c8000000| Untracked 
|  99|0x00000000c8100000, 0x00000000c8100000, 0x00000000c8200000|  0%| F|  |TAMS 0x00000000c8100000, 0x00000000c8100000| Untracked 
| 100|0x00000000c8200000, 0x00000000c8200000, 0x00000000c8300000|  0%| F|  |TAMS 0x00000000c8200000, 0x00000000c8200000| Untracked 
| 101|0x00000000c8300000, 0x00000000c8300000, 0x00000000c8400000|  0%| F|  |TAMS 0x00000000c8300000, 0x00000000c8300000| Untracked 
| 102|0x00000000c8400000, 0x00000000c8400000, 0x00000000c8500000|  0%| F|  |TAMS 0x00000000c8400000, 0x00000000c8400000| Untracked 
| 103|0x00000000c8500000, 0x00000000c8500000, 0x00000000c8600000|  0%| F|  |TAMS 0x00000000c8500000, 0x00000000c8500000| Untracked 
| 104|0x00000000c8600000, 0x00000000c8600000, 0x00000000c8700000|  0%| F|  |TAMS 0x00000000c8600000, 0x00000000c8600000| Untracked 
| 105|0x00000000c8700000, 0x00000000c8700000, 0x00000000c8800000|  0%| F|  |TAMS 0x00000000c8700000, 0x00000000c8700000| Untracked 
| 106|0x00000000c8800000, 0x00000000c8800000, 0x00000000c8900000|  0%| F|  |TAMS 0x00000000c8800000, 0x00000000c8800000| Untracked 
| 107|0x00000000c8900000, 0x00000000c8900000, 0x00000000c8a00000|  0%| F|  |TAMS 0x00000000c8900000, 0x00000000c8900000| Untracked 
| 108|0x00000000c8a00000, 0x00000000c8a00000, 0x00000000c8b00000|  0%| F|  |TAMS 0x00000000c8a00000, 0x00000000c8a00000| Untracked 
| 109|0x00000000c8b00000, 0x00000000c8b00000, 0x00000000c8c00000|  0%| F|  |TAMS 0x00000000c8b00000, 0x00000000c8b00000| Untracked 
| 110|0x00000000c8c00000, 0x00000000c8c00000, 0x00000000c8d00000|  0%| F|  |TAMS 0x00000000c8c00000, 0x00000000c8c00000| Untracked 
| 111|0x00000000c8d00000, 0x00000000c8d00000, 0x00000000c8e00000|  0%| F|  |TAMS 0x00000000c8d00000, 0x00000000c8d00000| Untracked 
| 112|0x00000000c8e00000, 0x00000000c8e00000, 0x00000000c8f00000|  0%| F|  |TAMS 0x00000000c8e00000, 0x00000000c8e00000| Untracked 
| 113|0x00000000c8f00000, 0x00000000c8f00000, 0x00000000c9000000|  0%| F|  |TAMS 0x00000000c8f00000, 0x00000000c8f00000| Untracked 
| 114|0x00000000c9000000, 0x00000000c9000000, 0x00000000c9100000|  0%| F|  |TAMS 0x00000000c9000000, 0x00000000c9000000| Untracked 
| 115|0x00000000c9100000, 0x00000000c9100000, 0x00000000c9200000|  0%| F|  |TAMS 0x00000000c9100000, 0x00000000c9100000| Untracked 
| 116|0x00000000c9200000, 0x00000000c9200000, 0x00000000c9300000|  0%| F|  |TAMS 0x00000000c9200000, 0x00000000c9200000| Untracked 
| 117|0x00000000c9300000, 0x00000000c9300000, 0x00000000c9400000|  0%| F|  |TAMS 0x00000000c9300000, 0x00000000c9300000| Untracked 
| 118|0x00000000c9400000, 0x00000000c9400000, 0x00000000c9500000|  0%| F|  |TAMS 0x00000000c9400000, 0x00000000c9400000| Untracked 
| 119|0x00000000c9500000, 0x00000000c9500000, 0x00000000c9600000|  0%| F|  |TAMS 0x00000000c9500000, 0x00000000c9500000| Untracked 
| 120|0x00000000c9600000, 0x00000000c9600000, 0x00000000c9700000|  0%| F|  |TAMS 0x00000000c9600000, 0x00000000c9600000| Untracked 
| 121|0x00000000c9700000, 0x00000000c9700000, 0x00000000c9800000|  0%| F|  |TAMS 0x00000000c9700000, 0x00000000c9700000| Untracked 
| 122|0x00000000c9800000, 0x00000000c9800000, 0x00000000c9900000|  0%| F|  |TAMS 0x00000000c9800000, 0x00000000c9800000| Untracked 
| 123|0x00000000c9900000, 0x00000000c9900000, 0x00000000c9a00000|  0%| F|  |TAMS 0x00000000c9900000, 0x00000000c9900000| Untracked 
| 124|0x00000000c9a00000, 0x00000000c9a00000, 0x00000000c9b00000|  0%| F|  |TAMS 0x00000000c9a00000, 0x00000000c9a00000| Untracked 
| 125|0x00000000c9b00000, 0x00000000c9b00000, 0x00000000c9c00000|  0%| F|  |TAMS 0x00000000c9b00000, 0x00000000c9b00000| Untracked 
| 126|0x00000000c9c00000, 0x00000000c9c00000, 0x00000000c9d00000|  0%| F|  |TAMS 0x00000000c9c00000, 0x00000000c9c00000| Untracked 
| 127|0x00000000c9d00000, 0x00000000c9d00000, 0x00000000c9e00000|  0%| F|  |TAMS 0x00000000c9d00000, 0x00000000c9d00000| Untracked 
| 128|0x00000000c9e00000, 0x00000000c9e00000, 0x00000000c9f00000|  0%| F|  |TAMS 0x00000000c9e00000, 0x00000000c9e00000| Untracked 
| 129|0x00000000c9f00000, 0x00000000c9f00000, 0x00000000ca000000|  0%| F|  |TAMS 0x00000000c9f00000, 0x00000000c9f00000| Untracked 
| 130|0x00000000ca000000, 0x00000000ca000000, 0x00000000ca100000|  0%| F|  |TAMS 0x00000000ca000000, 0x00000000ca000000| Untracked 
| 131|0x00000000ca100000, 0x00000000ca100000, 0x00000000ca200000|  0%| F|  |TAMS 0x00000000ca100000, 0x00000000ca100000| Untracked 
| 132|0x00000000ca200000, 0x00000000ca200000, 0x00000000ca300000|  0%| F|  |TAMS 0x00000000ca200000, 0x00000000ca200000| Untracked 
| 133|0x00000000ca300000, 0x00000000ca300000, 0x00000000ca400000|  0%| F|  |TAMS 0x00000000ca300000, 0x00000000ca300000| Untracked 
| 134|0x00000000ca400000, 0x00000000ca400000, 0x00000000ca500000|  0%| F|  |TAMS 0x00000000ca400000, 0x00000000ca400000| Untracked 
| 135|0x00000000ca500000, 0x00000000ca500000, 0x00000000ca600000|  0%| F|  |TAMS 0x00000000ca500000, 0x00000000ca500000| Untracked 
| 136|0x00000000ca600000, 0x00000000ca600000, 0x00000000ca700000|  0%| F|  |TAMS 0x00000000ca600000, 0x00000000ca600000| Untracked 
| 137|0x00000000ca700000, 0x00000000ca700000, 0x00000000ca800000|  0%| F|  |TAMS 0x00000000ca700000, 0x00000000ca700000| Untracked 
| 138|0x00000000ca800000, 0x00000000ca800000, 0x00000000ca900000|  0%| F|  |TAMS 0x00000000ca800000, 0x00000000ca800000| Untracked 
| 139|0x00000000ca900000, 0x00000000ca900000, 0x00000000caa00000|  0%| F|  |TAMS 0x00000000ca900000, 0x00000000ca900000| Untracked 
| 140|0x00000000caa00000, 0x00000000caa00000, 0x00000000cab00000|  0%| F|  |TAMS 0x00000000caa00000, 0x00000000caa00000| Untracked 
| 141|0x00000000cab00000, 0x00000000cab00000, 0x00000000cac00000|  0%| F|  |TAMS 0x00000000cab00000, 0x00000000cab00000| Untracked 
| 142|0x00000000cac00000, 0x00000000cac00000, 0x00000000cad00000|  0%| F|  |TAMS 0x00000000cac00000, 0x00000000cac00000| Untracked 
| 143|0x00000000cad00000, 0x00000000cad00000, 0x00000000cae00000|  0%| F|  |TAMS 0x00000000cad00000, 0x00000000cad00000| Untracked 
| 144|0x00000000cae00000, 0x00000000cae00000, 0x00000000caf00000|  0%| F|  |TAMS 0x00000000cae00000, 0x00000000cae00000| Untracked 
| 145|0x00000000caf00000, 0x00000000caf00000, 0x00000000cb000000|  0%| F|  |TAMS 0x00000000caf00000, 0x00000000caf00000| Untracked 
| 146|0x00000000cb000000, 0x00000000cb000000, 0x00000000cb100000|  0%| F|  |TAMS 0x00000000cb000000, 0x00000000cb000000| Untracked 
| 147|0x00000000cb100000, 0x00000000cb100000, 0x00000000cb200000|  0%| F|  |TAMS 0x00000000cb100000, 0x00000000cb100000| Untracked 
| 148|0x00000000cb200000, 0x00000000cb200000, 0x00000000cb300000|  0%| F|  |TAMS 0x00000000cb200000, 0x00000000cb200000| Untracked 
| 149|0x00000000cb300000, 0x00000000cb300000, 0x00000000cb400000|  0%| F|  |TAMS 0x00000000cb300000, 0x00000000cb300000| Untracked 
| 150|0x00000000cb400000, 0x00000000cb400000, 0x00000000cb500000|  0%| F|  |TAMS 0x00000000cb400000, 0x00000000cb400000| Untracked 
| 151|0x00000000cb500000, 0x00000000cb500000, 0x00000000cb600000|  0%| F|  |TAMS 0x00000000cb500000, 0x00000000cb500000| Untracked 
| 152|0x00000000cb600000, 0x00000000cb600000, 0x00000000cb700000|  0%| F|  |TAMS 0x00000000cb600000, 0x00000000cb600000| Untracked 
| 153|0x00000000cb700000, 0x00000000cb700000, 0x00000000cb800000|  0%| F|  |TAMS 0x00000000cb700000, 0x00000000cb700000| Untracked 
| 154|0x00000000cb800000, 0x00000000cb800000, 0x00000000cb900000|  0%| F|  |TAMS 0x00000000cb800000, 0x00000000cb800000| Untracked 
| 155|0x00000000cb900000, 0x00000000cb900000, 0x00000000cba00000|  0%| F|  |TAMS 0x00000000cb900000, 0x00000000cb900000| Untracked 
| 156|0x00000000cba00000, 0x00000000cba00000, 0x00000000cbb00000|  0%| F|  |TAMS 0x00000000cba00000, 0x00000000cba00000| Untracked 
| 157|0x00000000cbb00000, 0x00000000cbb00000, 0x00000000cbc00000|  0%| F|  |TAMS 0x00000000cbb00000, 0x00000000cbb00000| Untracked 
| 158|0x00000000cbc00000, 0x00000000cbc00000, 0x00000000cbd00000|  0%| F|  |TAMS 0x00000000cbc00000, 0x00000000cbc00000| Untracked 
| 159|0x00000000cbd00000, 0x00000000cbd00000, 0x00000000cbe00000|  0%| F|  |TAMS 0x00000000cbd00000, 0x00000000cbd00000| Untracked 
| 160|0x00000000cbe00000, 0x00000000cbe00000, 0x00000000cbf00000|  0%| F|  |TAMS 0x00000000cbe00000, 0x00000000cbe00000| Untracked 
| 161|0x00000000cbf00000, 0x00000000cbf00000, 0x00000000cc000000|  0%| F|  |TAMS 0x00000000cbf00000, 0x00000000cbf00000| Untracked 
| 162|0x00000000cc000000, 0x00000000cc000000, 0x00000000cc100000|  0%| F|  |TAMS 0x00000000cc000000, 0x00000000cc000000| Untracked 
| 163|0x00000000cc100000, 0x00000000cc100000, 0x00000000cc200000|  0%| F|  |TAMS 0x00000000cc100000, 0x00000000cc100000| Untracked 
| 164|0x00000000cc200000, 0x00000000cc200000, 0x00000000cc300000|  0%| F|  |TAMS 0x00000000cc200000, 0x00000000cc200000| Untracked 
| 165|0x00000000cc300000, 0x00000000cc300000, 0x00000000cc400000|  0%| F|  |TAMS 0x00000000cc300000, 0x00000000cc300000| Untracked 
| 166|0x00000000cc400000, 0x00000000cc400000, 0x00000000cc500000|  0%| F|  |TAMS 0x00000000cc400000, 0x00000000cc400000| Untracked 
| 167|0x00000000cc500000, 0x00000000cc500000, 0x00000000cc600000|  0%| F|  |TAMS 0x00000000cc500000, 0x00000000cc500000| Untracked 
| 168|0x00000000cc600000, 0x00000000cc600000, 0x00000000cc700000|  0%| F|  |TAMS 0x00000000cc600000, 0x00000000cc600000| Untracked 
| 169|0x00000000cc700000, 0x00000000cc700000, 0x00000000cc800000|  0%| F|  |TAMS 0x00000000cc700000, 0x00000000cc700000| Untracked 
| 170|0x00000000cc800000, 0x00000000cc800000, 0x00000000cc900000|  0%| F|  |TAMS 0x00000000cc800000, 0x00000000cc800000| Untracked 
| 171|0x00000000cc900000, 0x00000000cc900000, 0x00000000cca00000|  0%| F|  |TAMS 0x00000000cc900000, 0x00000000cc900000| Untracked 
| 172|0x00000000cca00000, 0x00000000cca00000, 0x00000000ccb00000|  0%| F|  |TAMS 0x00000000cca00000, 0x00000000cca00000| Untracked 
| 173|0x00000000ccb00000, 0x00000000ccb00000, 0x00000000ccc00000|  0%| F|  |TAMS 0x00000000ccb00000, 0x00000000ccb00000| Untracked 
| 174|0x00000000ccc00000, 0x00000000ccc00000, 0x00000000ccd00000|  0%| F|  |TAMS 0x00000000ccc00000, 0x00000000ccc00000| Untracked 
| 175|0x00000000ccd00000, 0x00000000ccd00000, 0x00000000cce00000|  0%| F|  |TAMS 0x00000000ccd00000, 0x00000000ccd00000| Untracked 
| 176|0x00000000cce00000, 0x00000000cce00000, 0x00000000ccf00000|  0%| F|  |TAMS 0x00000000cce00000, 0x00000000cce00000| Untracked 
| 177|0x00000000ccf00000, 0x00000000ccf00000, 0x00000000cd000000|  0%| F|  |TAMS 0x00000000ccf00000, 0x00000000ccf00000| Untracked 
| 178|0x00000000cd000000, 0x00000000cd000000, 0x00000000cd100000|  0%| F|  |TAMS 0x00000000cd000000, 0x00000000cd000000| Untracked 
| 179|0x00000000cd100000, 0x00000000cd100000, 0x00000000cd200000|  0%| F|  |TAMS 0x00000000cd100000, 0x00000000cd100000| Untracked 
| 180|0x00000000cd200000, 0x00000000cd200000, 0x00000000cd300000|  0%| F|  |TAMS 0x00000000cd200000, 0x00000000cd200000| Untracked 
| 181|0x00000000cd300000, 0x00000000cd300000, 0x00000000cd400000|  0%| F|  |TAMS 0x00000000cd300000, 0x00000000cd300000| Untracked 
| 182|0x00000000cd400000, 0x00000000cd400000, 0x00000000cd500000|  0%| F|  |TAMS 0x00000000cd400000, 0x00000000cd400000| Untracked 
| 183|0x00000000cd500000, 0x00000000cd500000, 0x00000000cd600000|  0%| F|  |TAMS 0x00000000cd500000, 0x00000000cd500000| Untracked 
| 184|0x00000000cd600000, 0x00000000cd600000, 0x00000000cd700000|  0%| F|  |TAMS 0x00000000cd600000, 0x00000000cd600000| Untracked 
| 185|0x00000000cd700000, 0x00000000cd700000, 0x00000000cd800000|  0%| F|  |TAMS 0x00000000cd700000, 0x00000000cd700000| Untracked 
| 186|0x00000000cd800000, 0x00000000cd800000, 0x00000000cd900000|  0%| F|  |TAMS 0x00000000cd800000, 0x00000000cd800000| Untracked 
| 187|0x00000000cd900000, 0x00000000cd900000, 0x00000000cda00000|  0%| F|  |TAMS 0x00000000cd900000, 0x00000000cd900000| Untracked 
| 188|0x00000000cda00000, 0x00000000cda00000, 0x00000000cdb00000|  0%| F|  |TAMS 0x00000000cda00000, 0x00000000cda00000| Untracked 
| 189|0x00000000cdb00000, 0x00000000cdb00000, 0x00000000cdc00000|  0%| F|  |TAMS 0x00000000cdb00000, 0x00000000cdb00000| Untracked 
| 190|0x00000000cdc00000, 0x00000000cdc00000, 0x00000000cdd00000|  0%| F|  |TAMS 0x00000000cdc00000, 0x00000000cdc00000| Untracked 
| 191|0x00000000cdd00000, 0x00000000cdd00000, 0x00000000cde00000|  0%| F|  |TAMS 0x00000000cdd00000, 0x00000000cdd00000| Untracked 
| 192|0x00000000cde00000, 0x00000000cde00000, 0x00000000cdf00000|  0%| F|  |TAMS 0x00000000cde00000, 0x00000000cde00000| Untracked 
| 193|0x00000000cdf00000, 0x00000000cdf00000, 0x00000000ce000000|  0%| F|  |TAMS 0x00000000cdf00000, 0x00000000cdf00000| Untracked 
| 194|0x00000000ce000000, 0x00000000ce000000, 0x00000000ce100000|  0%| F|  |TAMS 0x00000000ce000000, 0x00000000ce000000| Untracked 
| 195|0x00000000ce100000, 0x00000000ce180800, 0x00000000ce200000| 50%| E|  |TAMS 0x00000000ce100000, 0x00000000ce100000| Complete 
| 196|0x00000000ce200000, 0x00000000ce300000, 0x00000000ce300000|100%| E|CS|TAMS 0x00000000ce200000, 0x00000000ce200000| Complete 
| 197|0x00000000ce300000, 0x00000000ce400000, 0x00000000ce400000|100%| E|CS|TAMS 0x00000000ce300000, 0x00000000ce300000| Complete 
| 198|0x00000000ce400000, 0x00000000ce500000, 0x00000000ce500000|100%| E|CS|TAMS 0x00000000ce400000, 0x00000000ce400000| Complete 
| 199|0x00000000ce500000, 0x00000000ce600000, 0x00000000ce600000|100%| E|CS|TAMS 0x00000000ce500000, 0x00000000ce500000| Complete 
| 200|0x00000000ce600000, 0x00000000ce700000, 0x00000000ce700000|100%| E|CS|TAMS 0x00000000ce600000, 0x00000000ce600000| Complete 
| 201|0x00000000ce700000, 0x00000000ce800000, 0x00000000ce800000|100%| E|CS|TAMS 0x00000000ce700000, 0x00000000ce700000| Complete 
| 202|0x00000000ce800000, 0x00000000ce900000, 0x00000000ce900000|100%| E|CS|TAMS 0x00000000ce800000, 0x00000000ce800000| Complete 
| 203|0x00000000ce900000, 0x00000000cea00000, 0x00000000cea00000|100%| E|CS|TAMS 0x00000000ce900000, 0x00000000ce900000| Complete 
| 204|0x00000000cea00000, 0x00000000ceb00000, 0x00000000ceb00000|100%| E|CS|TAMS 0x00000000cea00000, 0x00000000cea00000| Complete 
| 205|0x00000000ceb00000, 0x00000000cec00000, 0x00000000cec00000|100%| E|CS|TAMS 0x00000000ceb00000, 0x00000000ceb00000| Complete 
| 206|0x00000000cec00000, 0x00000000ced00000, 0x00000000ced00000|100%| E|CS|TAMS 0x00000000cec00000, 0x00000000cec00000| Complete 
| 207|0x00000000ced00000, 0x00000000cee00000, 0x00000000cee00000|100%| E|CS|TAMS 0x00000000ced00000, 0x00000000ced00000| Complete 
| 208|0x00000000cee00000, 0x00000000cef00000, 0x00000000cef00000|100%| E|CS|TAMS 0x00000000cee00000, 0x00000000cee00000| Complete 
| 209|0x00000000cef00000, 0x00000000cf000000, 0x00000000cf000000|100%| E|CS|TAMS 0x00000000cef00000, 0x00000000cef00000| Complete 
| 210|0x00000000cf000000, 0x00000000cf100000, 0x00000000cf100000|100%| E|CS|TAMS 0x00000000cf000000, 0x00000000cf000000| Complete 
| 211|0x00000000cf100000, 0x00000000cf200000, 0x00000000cf200000|100%| E|CS|TAMS 0x00000000cf100000, 0x00000000cf100000| Complete 
| 212|0x00000000cf200000, 0x00000000cf300000, 0x00000000cf300000|100%| E|CS|TAMS 0x00000000cf200000, 0x00000000cf200000| Complete 
| 213|0x00000000cf300000, 0x00000000cf400000, 0x00000000cf400000|100%| E|CS|TAMS 0x00000000cf300000, 0x00000000cf300000| Complete 
| 214|0x00000000cf400000, 0x00000000cf500000, 0x00000000cf500000|100%| E|CS|TAMS 0x00000000cf400000, 0x00000000cf400000| Complete 
| 215|0x00000000cf500000, 0x00000000cf600000, 0x00000000cf600000|100%| E|CS|TAMS 0x00000000cf500000, 0x00000000cf500000| Complete 
| 216|0x00000000cf600000, 0x00000000cf700000, 0x00000000cf700000|100%| E|CS|TAMS 0x00000000cf600000, 0x00000000cf600000| Complete 
| 217|0x00000000cf700000, 0x00000000cf800000, 0x00000000cf800000|100%| E|CS|TAMS 0x00000000cf700000, 0x00000000cf700000| Complete 
| 218|0x00000000cf800000, 0x00000000cf900000, 0x00000000cf900000|100%| E|CS|TAMS 0x00000000cf800000, 0x00000000cf800000| Complete 
| 219|0x00000000cf900000, 0x00000000cfa00000, 0x00000000cfa00000|100%| E|CS|TAMS 0x00000000cf900000, 0x00000000cf900000| Complete 
| 220|0x00000000cfa00000, 0x00000000cfb00000, 0x00000000cfb00000|100%| E|CS|TAMS 0x00000000cfa00000, 0x00000000cfa00000| Complete 
| 221|0x00000000cfb00000, 0x00000000cfc00000, 0x00000000cfc00000|100%| E|CS|TAMS 0x00000000cfb00000, 0x00000000cfb00000| Complete 
| 222|0x00000000cfc00000, 0x00000000cfd00000, 0x00000000cfd00000|100%| E|CS|TAMS 0x00000000cfc00000, 0x00000000cfc00000| Complete 
| 223|0x00000000cfd00000, 0x00000000cfe00000, 0x00000000cfe00000|100%| E|CS|TAMS 0x00000000cfd00000, 0x00000000cfd00000| Complete 
| 224|0x00000000cfe00000, 0x00000000cff00000, 0x00000000cff00000|100%| E|CS|TAMS 0x00000000cfe00000, 0x00000000cfe00000| Complete 
| 225|0x00000000cff00000, 0x00000000d0000000, 0x00000000d0000000|100%| E|CS|TAMS 0x00000000cff00000, 0x00000000cff00000| Complete 
| 226|0x00000000d0000000, 0x00000000d0100000, 0x00000000d0100000|100%| E|CS|TAMS 0x00000000d0000000, 0x00000000d0000000| Complete 
| 227|0x00000000d0100000, 0x00000000d0200000, 0x00000000d0200000|100%| E|CS|TAMS 0x00000000d0100000, 0x00000000d0100000| Complete 
| 228|0x00000000d0200000, 0x00000000d0300000, 0x00000000d0300000|100%| E|CS|TAMS 0x00000000d0200000, 0x00000000d0200000| Complete 
| 229|0x00000000d0300000, 0x00000000d0400000, 0x00000000d0400000|100%| E|CS|TAMS 0x00000000d0300000, 0x00000000d0300000| Complete 

Card table byte_map: [0x000001af279c0000,0x000001af27bc0000] _byte_map_base: 0x000001af273b1000

Marking Bits (Prev, Next): (CMBitMap*) 0x000001af1335abd0, (CMBitMap*) 0x000001af1335ab90
 Prev Bits: [0x000001af28d50000, 0x000001af29cd8000)
 Next Bits: [0x000001af27dc0000, 0x000001af28d48000)

Polling page: 0x000001af13100000

Metaspace:

Usage:
  Non-class:     66.30 MB used.
      Class:      9.58 MB used.
       Both:     75.88 MB used.

Virtual space:
  Non-class space:       72.00 MB reserved,      66.56 MB ( 92%) committed,  9 nodes.
      Class space:        1.00 GB reserved,       9.81 MB ( <1%) committed,  1 nodes.
             Both:        1.07 GB reserved,      76.38 MB (  7%) committed. 

Chunk freelists:
   Non-Class:  647.00 KB
       Class:  2.20 MB
        Both:  2.83 MB

MaxMetaspaceSize: unlimited
CompressedClassSpaceSize: 1.00 GB
Initial GC threshold: 21.00 MB
Current GC threshold: 126.25 MB
CDS: off
MetaspaceReclaimPolicy: balanced
 - commit_granule_bytes: 65536.
 - commit_granule_words: 8192.
 - virtual_space_node_default_size: 1048576.
 - enlarge_chunks_in_place: 1.
 - new_chunks_are_fully_committed: 0.
 - uncommit_free_chunks: 1.
 - use_allocation_guard: 0.
 - handle_deallocations: 1.


Internal statistics:

num_allocs_failed_limit: 9.
num_arena_births: 960.
num_arena_deaths: 238.
num_vsnodes_births: 10.
num_vsnodes_deaths: 0.
num_space_committed: 1222.
num_space_uncommitted: 0.
num_chunks_returned_to_freelist: 276.
num_chunks_taken_from_freelist: 3738.
num_chunk_merges: 85.
num_chunk_splits: 2470.
num_chunks_enlarged: 1824.
num_purges: 8.
num_inconsistent_stats: 0.

CodeHeap 'non-profiled nmethods': size=120000Kb used=6578Kb max_used=7054Kb free=113421Kb
 bounds [0x000001af1fc60000, 0x000001af20350000, 0x000001af27190000]
CodeHeap 'profiled nmethods': size=120000Kb used=16049Kb max_used=17507Kb free=103950Kb
 bounds [0x000001af18730000, 0x000001af19860000, 0x000001af1fc60000]
CodeHeap 'non-nmethods': size=5760Kb used=1329Kb max_used=1418Kb free=4430Kb
 bounds [0x000001af18190000, 0x000001af18400000, 0x000001af18730000]
 total_blobs=9446 nmethods=8787 adapters=570
 compilation: enabled
              stopped_count=0, restarted_count=0
 full_count=0

Compilation events (20 events):
Event: 2490.212 Thread 0x000001af2c309b30 10597       3       org.springframework.core.annotation.SynthesizedMergedAnnotationInvocationHandler$$Lambda$524/0x00000001004242d8::apply (16 bytes)
Event: 2490.216 Thread 0x000001af2c309b30 nmethod 10597 0x000001af1885b390 code [0x000001af1885b5e0, 0x000001af1885c058]
Event: 2490.218 Thread 0x000001af2c309b30 10599       3       org.springframework.core.annotation.SynthesizedMergedAnnotationInvocationHandler::invoke (107 bytes)
Event: 2490.221 Thread 0x000001af2c309b30 nmethod 10599 0x000001af18ade010 code [0x000001af18ade400, 0x000001af18adfe68]
Event: 2490.221 Thread 0x000001af2c309b30 10602       3       org.springframework.core.annotation.SynthesizedMergedAnnotationInvocationHandler::getAttributeValue (46 bytes)
Event: 2490.226 Thread 0x000001af2c309b30 nmethod 10602 0x000001af18fca110 code [0x000001af18fca360, 0x000001af18fcab68]
Event: 2490.227 Thread 0x000001af2c309b30 10601       3       org.springframework.web.util.pattern.PathPattern::<init> (170 bytes)
Event: 2490.230 Thread 0x000001af2c309b30 nmethod 10601 0x000001af18d37210 code [0x000001af18d37420, 0x000001af18d380e8]
Event: 2490.231 Thread 0x000001af2c309b30 10592       1       org.springframework.web.util.pattern.CaptureVariablePathElement::getCaptureCount (2 bytes)
Event: 2490.233 Thread 0x000001af2c309b30 nmethod 10592 0x000001af1fe9aa90 code [0x000001af1fe9ac20, 0x000001af1fe9acf8]
Event: 2490.233 Thread 0x000001af2c309b30 10593       1       org.springframework.web.util.pattern.CaptureVariablePathElement::getNormalizedLength (2 bytes)
Event: 2490.234 Thread 0x000001af2c309b30 nmethod 10593 0x000001af1fe9a790 code [0x000001af1fe9a920, 0x000001af1fe9a9f8]
Event: 2490.234 Thread 0x000001af2c309b30 10594       1       org.springframework.web.util.pattern.CaptureVariablePathElement::getScore (2 bytes)
Event: 2490.234 Thread 0x000001af2c309b30 nmethod 10594 0x000001af1fe9a490 code [0x000001af1fe9a620, 0x000001af1fe9a6f8]
Event: 2490.348 Thread 0x000001af2c309b30 10604   !   3       java.util.concurrent.ConcurrentHashMap$TreeBin::putTreeVal (371 bytes)
Event: 2490.353 Thread 0x000001af2c309b30 nmethod 10604 0x000001af18875a90 code [0x000001af18875d60, 0x000001af18877038]
Event: 2490.728 Thread 0x000001af2c309b30 10605   !   3       org.springframework.boot.context.properties.bind.Binder$Context::withIncreasedDepth (24 bytes)
Event: 2490.729 Thread 0x000001af2c309b30 nmethod 10605 0x000001af18d81610 code [0x000001af18d817c0, 0x000001af18d81b08]
Event: 2490.729 Thread 0x000001af2c309b30 10606       3       org.springframework.boot.context.properties.bind.Binder$Context::increaseDepth (11 bytes)
Event: 2490.730 Thread 0x000001af2c309b30 nmethod 10606 0x000001af18bb5110 code [0x000001af18bb52a0, 0x000001af18bb53b8]

GC Heap History (20 events):
Event: 2471.086 GC heap before
{Heap before GC invocations=36 (full 2):
 garbage-first heap   total 81920K, used 66660K [0x00000000c1e00000, 0x0000000100000000)
  region size 1024K, 44 young (45056K), 3 survivors (3072K)
 Metaspace       used 75951K, committed 76416K, reserved 1122304K
  class space    used 9703K, committed 9920K, reserved 1048576K
}
Event: 2471.107 GC heap after
{Heap after GC invocations=37 (full 2):
 garbage-first heap   total 81920K, used 27425K [0x00000000c1e00000, 0x0000000100000000)
  region size 1024K, 5 young (5120K), 5 survivors (5120K)
 Metaspace       used 75951K, committed 76416K, reserved 1122304K
  class space    used 9703K, committed 9920K, reserved 1048576K
}
Event: 2476.393 GC heap before
{Heap before GC invocations=37 (full 2):
 garbage-first heap   total 81920K, used 60193K [0x00000000c1e00000, 0x0000000100000000)
  region size 1024K, 38 young (38912K), 5 survivors (5120K)
 Metaspace       used 76172K, committed 76672K, reserved 1122304K
  class space    used 9714K, committed 9920K, reserved 1048576K
}
Event: 2476.958 GC heap after
{Heap after GC invocations=38 (full 3):
 garbage-first heap   total 78848K, used 22397K [0x00000000c1e00000, 0x0000000100000000)
  region size 1024K, 0 young (0K), 0 survivors (0K)
 Metaspace       used 76169K, committed 76672K, reserved 1122304K
  class space    used 9714K, committed 9920K, reserved 1048576K
}
Event: 2477.823 GC heap before
{Heap before GC invocations=38 (full 3):
 garbage-first heap   total 78848K, used 63357K [0x00000000c1e00000, 0x0000000100000000)
  region size 1024K, 41 young (41984K), 0 survivors (0K)
 Metaspace       used 76305K, committed 76800K, reserved 1122304K
  class space    used 9728K, committed 9920K, reserved 1048576K
}
Event: 2477.835 GC heap after
{Heap after GC invocations=39 (full 3):
 garbage-first heap   total 78848K, used 25409K [0x00000000c1e00000, 0x0000000100000000)
  region size 1024K, 3 young (3072K), 3 survivors (3072K)
 Metaspace       used 76305K, committed 76800K, reserved 1122304K
  class space    used 9728K, committed 9920K, reserved 1048576K
}
Event: 2477.843 GC heap before
{Heap before GC invocations=39 (full 3):
 garbage-first heap   total 78848K, used 63297K [0x00000000c1e00000, 0x0000000100000000)
  region size 1024K, 41 young (41984K), 3 survivors (3072K)
 Metaspace       used 76305K, committed 76800K, reserved 1122304K
  class space    used 9728K, committed 9920K, reserved 1048576K
}
Event: 2477.849 GC heap after
{Heap after GC invocations=40 (full 3):
 garbage-first heap   total 183296K, used 25300K [0x00000000c1e00000, 0x0000000100000000)
  region size 1024K, 3 young (3072K), 3 survivors (3072K)
 Metaspace       used 76305K, committed 76800K, reserved 1122304K
  class space    used 9728K, committed 9920K, reserved 1048576K
}
Event: 2480.444 GC heap before
{Heap before GC invocations=40 (full 3):
 garbage-first heap   total 183296K, used 130772K [0x00000000c1e00000, 0x0000000100000000)
  region size 1024K, 107 young (109568K), 3 survivors (3072K)
 Metaspace       used 76999K, committed 77568K, reserved 1122304K
  class space    used 9767K, committed 9984K, reserved 1048576K
}
Event: 2480.508 GC heap after
{Heap after GC invocations=41 (full 3):
 garbage-first heap   total 183296K, used 27648K [0x00000000c1e00000, 0x0000000100000000)
  region size 1024K, 6 young (6144K), 6 survivors (6144K)
 Metaspace       used 76999K, committed 77568K, reserved 1122304K
  class space    used 9767K, committed 9984K, reserved 1048576K
}
Event: 2487.201 GC heap before
{Heap before GC invocations=41 (full 3):
 garbage-first heap   total 183296K, used 44032K [0x00000000c1e00000, 0x0000000100000000)
  region size 1024K, 23 young (23552K), 6 survivors (6144K)
 Metaspace       used 77029K, committed 77568K, reserved 1122304K
  class space    used 9768K, committed 9984K, reserved 1048576K
}
Event: 2487.325 GC heap after
{Heap after GC invocations=42 (full 4):
 garbage-first heap   total 81920K, used 22732K [0x00000000c1e00000, 0x0000000100000000)
  region size 1024K, 0 young (0K), 0 survivors (0K)
 Metaspace       used 77026K, committed 77568K, reserved 1122304K
  class space    used 9768K, committed 9984K, reserved 1048576K
}
Event: 2488.448 GC heap before
{Heap before GC invocations=42 (full 4):
 garbage-first heap   total 81920K, used 64716K [0x00000000c1e00000, 0x0000000100000000)
  region size 1024K, 42 young (43008K), 0 survivors (0K)
 Metaspace       used 77206K, committed 77760K, reserved 1122304K
  class space    used 9783K, committed 10048K, reserved 1048576K
}
Event: 2488.454 GC heap after
{Heap after GC invocations=43 (full 4):
 garbage-first heap   total 81920K, used 25645K [0x00000000c1e00000, 0x0000000100000000)
  region size 1024K, 3 young (3072K), 3 survivors (3072K)
 Metaspace       used 77206K, committed 77760K, reserved 1122304K
  class space    used 9783K, committed 10048K, reserved 1048576K
}
Event: 2488.465 GC heap before
{Heap before GC invocations=43 (full 4):
 garbage-first heap   total 81920K, used 64557K [0x00000000c1e00000, 0x0000000100000000)
  region size 1024K, 42 young (43008K), 3 survivors (3072K)
 Metaspace       used 77206K, committed 77760K, reserved 1122304K
  class space    used 9783K, committed 10048K, reserved 1048576K
}
Event: 2488.467 GC heap after
{Heap after GC invocations=44 (full 4):
 garbage-first heap   total 81920K, used 25672K [0x00000000c1e00000, 0x0000000100000000)
  region size 1024K, 3 young (3072K), 3 survivors (3072K)
 Metaspace       used 77206K, committed 77760K, reserved 1122304K
  class space    used 9783K, committed 10048K, reserved 1048576K
}
Event: 2488.474 GC heap before
{Heap before GC invocations=44 (full 4):
 garbage-first heap   total 81920K, used 65608K [0x00000000c1e00000, 0x0000000100000000)
  region size 1024K, 43 young (44032K), 3 survivors (3072K)
 Metaspace       used 77206K, committed 77760K, reserved 1122304K
  class space    used 9783K, committed 10048K, reserved 1048576K
}
Event: 2488.479 GC heap after
{Heap after GC invocations=45 (full 4):
 garbage-first heap   total 81920K, used 25581K [0x00000000c1e00000, 0x0000000100000000)
  region size 1024K, 3 young (3072K), 3 survivors (3072K)
 Metaspace       used 77206K, committed 77760K, reserved 1122304K
  class space    used 9783K, committed 10048K, reserved 1048576K
}
Event: 2489.238 GC heap before
{Heap before GC invocations=45 (full 4):
 garbage-first heap   total 81920K, used 66541K [0x00000000c1e00000, 0x0000000100000000)
  region size 1024K, 44 young (45056K), 3 survivors (3072K)
 Metaspace       used 77503K, committed 78080K, reserved 1122304K
  class space    used 9798K, committed 10048K, reserved 1048576K
}
Event: 2489.258 GC heap after
{Heap after GC invocations=46 (full 4):
 garbage-first heap   total 235520K, used 27351K [0x00000000c1e00000, 0x0000000100000000)
  region size 1024K, 5 young (5120K), 5 survivors (5120K)
 Metaspace       used 77503K, committed 78080K, reserved 1122304K
  class space    used 9798K, committed 10048K, reserved 1048576K
}

Deoptimization events (20 events):
Event: 2489.383 Thread 0x000001af34c25830 Uncommon trap: trap_request=0xffffffbe fr.pc=0x000001af1fe73038 relative=0x0000000000001358
Event: 2489.383 Thread 0x000001af34c25830 Uncommon trap: reason=profile_predicate action=maybe_recompile pc=0x000001af1fe73038 method=org.postgresql.core.Parser.parseSql([CILjava/lang/StringBuilder;ZZ)I @ 20 c2
Event: 2489.383 Thread 0x000001af34c25830 DEOPT PACKING pc=0x000001af1fe73038 sp=0x0000003f028fe620
Event: 2489.383 Thread 0x000001af34c25830 DEOPT UNPACKING pc=0x000001af181e23a3 sp=0x0000003f028fe5f0 mode 2
Event: 2489.383 Thread 0x000001af34c25830 Uncommon trap: trap_request=0xffffffbe fr.pc=0x000001af1febb3b0 relative=0x0000000000001cf0
Event: 2489.383 Thread 0x000001af34c25830 Uncommon trap: reason=profile_predicate action=maybe_recompile pc=0x000001af1febb3b0 method=org.postgresql.core.Parser.parseJdbcSql(Ljava/lang/String;ZZZZZ[Ljava/lang/String;)Ljava/util/List; @ 134 c2
Event: 2489.383 Thread 0x000001af34c25830 DEOPT PACKING pc=0x000001af1febb3b0 sp=0x0000003f028fe6b0
Event: 2489.383 Thread 0x000001af34c25830 DEOPT UNPACKING pc=0x000001af181e23a3 sp=0x0000003f028fe5e0 mode 2
Event: 2489.487 Thread 0x000001af34c25830 Uncommon trap: trap_request=0xffffffbe fr.pc=0x000001af1fe73038 relative=0x0000000000001358
Event: 2489.487 Thread 0x000001af34c25830 Uncommon trap: reason=profile_predicate action=maybe_recompile pc=0x000001af1fe73038 method=org.postgresql.core.Parser.parseSql([CILjava/lang/StringBuilder;ZZ)I @ 20 c2
Event: 2489.487 Thread 0x000001af34c25830 DEOPT PACKING pc=0x000001af1fe73038 sp=0x0000003f028fe620
Event: 2489.487 Thread 0x000001af34c25830 DEOPT UNPACKING pc=0x000001af181e23a3 sp=0x0000003f028fe5f0 mode 2
Event: 2489.487 Thread 0x000001af34c25830 Uncommon trap: trap_request=0xffffffbe fr.pc=0x000001af1febb3b0 relative=0x0000000000001cf0
Event: 2489.487 Thread 0x000001af34c25830 Uncommon trap: reason=profile_predicate action=maybe_recompile pc=0x000001af1febb3b0 method=org.postgresql.core.Parser.parseJdbcSql(Ljava/lang/String;ZZZZZ[Ljava/lang/String;)Ljava/util/List; @ 134 c2
Event: 2489.487 Thread 0x000001af34c25830 DEOPT PACKING pc=0x000001af1febb3b0 sp=0x0000003f028fe6b0
Event: 2489.487 Thread 0x000001af34c25830 DEOPT UNPACKING pc=0x000001af181e23a3 sp=0x0000003f028fe5e0 mode 2
Event: 2489.622 Thread 0x000001af34c25830 Uncommon trap: trap_request=0xffffffbe fr.pc=0x000001af1fe73038 relative=0x0000000000001358
Event: 2489.623 Thread 0x000001af34c25830 Uncommon trap: reason=profile_predicate action=maybe_recompile pc=0x000001af1fe73038 method=org.postgresql.core.Parser.parseSql([CILjava/lang/StringBuilder;ZZ)I @ 20 c2
Event: 2489.623 Thread 0x000001af34c25830 DEOPT PACKING pc=0x000001af1fe73038 sp=0x0000003f028fe620
Event: 2489.623 Thread 0x000001af34c25830 DEOPT UNPACKING pc=0x000001af181e23a3 sp=0x0000003f028fe5f0 mode 2

Classes unloaded (20 events):
Event: 2066.894 Thread 0x000001af2c2b7400 Unloading class 0x000000010009cc00 'java/lang/invoke/LambdaForm$MH+0x000000010009cc00'
Event: 2066.894 Thread 0x000001af2c2b7400 Unloading class 0x000000010009c800 'java/lang/invoke/LambdaForm$MH+0x000000010009c800'
Event: 2066.894 Thread 0x000001af2c2b7400 Unloading class 0x000000010009c400 'java/lang/invoke/LambdaForm$MH+0x000000010009c400'
Event: 2066.894 Thread 0x000001af2c2b7400 Unloading class 0x000000010008a000 'java/lang/invoke/LambdaForm$MH+0x000000010008a000'
Event: 2066.895 Thread 0x000001af2c2b7400 Unloading class 0x0000000100089800 'java/lang/invoke/LambdaForm$MH+0x0000000100089800'
Event: 2066.895 Thread 0x000001af2c2b7400 Unloading class 0x0000000100089400 'java/lang/invoke/LambdaForm$MH+0x0000000100089400'
Event: 2066.895 Thread 0x000001af2c2b7400 Unloading class 0x0000000100089000 'java/lang/invoke/LambdaForm$MH+0x0000000100089000'
Event: 2066.895 Thread 0x000001af2c2b7400 Unloading class 0x0000000100088c00 'java/lang/invoke/LambdaForm$MH+0x0000000100088c00'
Event: 2066.895 Thread 0x000001af2c2b7400 Unloading class 0x0000000100088800 'java/lang/invoke/LambdaForm$MH+0x0000000100088800'
Event: 2066.895 Thread 0x000001af2c2b7400 Unloading class 0x0000000100088000 'java/lang/invoke/LambdaForm$MH+0x0000000100088000'
Event: 2066.895 Thread 0x000001af2c2b7400 Unloading class 0x0000000100080800 'java/lang/invoke/LambdaForm$MH+0x0000000100080800'
Event: 2465.465 Thread 0x000001af2c2b7400 Unloading class 0x00000001009a8400 'jdk/internal/reflect/GeneratedMethodAccessor34'
Event: 2465.465 Thread 0x000001af2c2b7400 Unloading class 0x00000001009a8000 'jdk/internal/reflect/GeneratedMethodAccessor33'
Event: 2465.465 Thread 0x000001af2c2b7400 Unloading class 0x00000001009a3c00 'jdk/internal/reflect/GeneratedMethodAccessor32'
Event: 2465.465 Thread 0x000001af2c2b7400 Unloading class 0x00000001009a1c00 'jdk/internal/reflect/GeneratedMethodAccessor24'
Event: 2465.465 Thread 0x000001af2c2b7400 Unloading class 0x00000001009a1800 'jdk/internal/reflect/GeneratedConstructorAccessor33'
Event: 2465.465 Thread 0x000001af2c2b7400 Unloading class 0x00000001009a0800 'jdk/internal/reflect/GeneratedMethodAccessor20'
Event: 2465.465 Thread 0x000001af2c2b7400 Unloading class 0x00000001009aac00 'org/apache/catalina/loader/JdbcLeakPrevention'
Event: 2476.433 Thread 0x000001af2c2b7400 Unloading class 0x000000010084c800 'org/apache/catalina/loader/JdbcLeakPrevention'
Event: 2487.252 Thread 0x000001af2c2b7400 Unloading class 0x000000010009c800 'org/apache/catalina/loader/JdbcLeakPrevention'

Classes redefined (0 events):
No events

Internal exceptions (20 events):
Event: 2477.754 Thread 0x000001af31a9bee0 Exception <a 'java/lang/NoClassDefFoundError'{0x00000000c53d6430}: org/quartz/Scheduler> (0x00000000c53d6430) 
thrown [e:\jenkins\tmp\workspace\build\src\src\hotspot\share\oops\constantPool.cpp, line 835]
Event: 2477.754 Thread 0x000001af31a9bee0 Exception <a 'java/lang/NoClassDefFoundError'{0x00000000c53d6aa0}: org/springframework/session/jdbc/JdbcIndexedSessionRepository> (0x00000000c53d6aa0) 
thrown [e:\jenkins\tmp\workspace\build\src\src\hotspot\share\oops\constantPool.cpp, line 835]
Event: 2478.145 Thread 0x000001af31a9bee0 Exception <a 'sun/nio/fs/WindowsException'{0x00000000c987a0f0}> (0x00000000c987a0f0) 
thrown [e:\jenkins\tmp\workspace\build\src\src\hotspot\share\prims\jni.cpp, line 516]
Event: 2478.145 Thread 0x000001af31a9bee0 Exception <a 'sun/nio/fs/WindowsException'{0x00000000c987a818}> (0x00000000c987a818) 
thrown [e:\jenkins\tmp\workspace\build\src\src\hotspot\share\prims\jni.cpp, line 516]
Event: 2478.145 Thread 0x000001af31a9bee0 Exception <a 'sun/nio/fs/WindowsException'{0x00000000c987af10}> (0x00000000c987af10) 
thrown [e:\jenkins\tmp\workspace\build\src\src\hotspot\share\prims\jni.cpp, line 516]
Event: 2478.236 Thread 0x000001af31a9bee0 Exception <a 'java/io/FileNotFoundException'{0x00000000c98bbe08}> (0x00000000c98bbe08) 
thrown [e:\jenkins\tmp\workspace\build\src\src\hotspot\share\prims\jni.cpp, line 516]
Event: 2478.361 Thread 0x000001af31a9bee0 Exception <a 'java/io/FileNotFoundException'{0x00000000c9516410}> (0x00000000c9516410) 
thrown [e:\jenkins\tmp\workspace\build\src\src\hotspot\share\prims\jni.cpp, line 516]
Event: 2487.174 Thread 0x000001af34c244f0 Exception <a 'java/lang/InterruptedException'{0x00000000cc000040}: sleep interrupted> (0x00000000cc000040) 
thrown [e:\jenkins\tmp\workspace\build\src\src\hotspot\share\prims\jvm.cpp, line 3067]
Event: 2487.353 Thread 0x000001af34c27eb0 Exception <a 'sun/nio/fs/WindowsException'{0x00000000c6db46e8}> (0x00000000c6db46e8) 
thrown [e:\jenkins\tmp\workspace\build\src\src\hotspot\share\prims\jni.cpp, line 516]
Event: 2488.283 Thread 0x000001af34c27eb0 Exception <a 'java/lang/NoClassDefFoundError'{0x00000000c555beb8}: org/flywaydb/core/Flyway> (0x00000000c555beb8) 
thrown [e:\jenkins\tmp\workspace\build\src\src\hotspot\share\oops\constantPool.cpp, line 835]
Event: 2488.283 Thread 0x000001af34c27eb0 Exception <a 'java/lang/NoClassDefFoundError'{0x00000000c555c508}: liquibase/integration/spring/SpringLiquibase> (0x00000000c555c508) 
thrown [e:\jenkins\tmp\workspace\build\src\src\hotspot\share\oops\constantPool.cpp, line 835]
Event: 2488.290 Thread 0x000001af34c27eb0 Exception <a 'java/lang/NoClassDefFoundError'{0x00000000c55aa5d8}: org/jooq/DSLContext> (0x00000000c55aa5d8) 
thrown [e:\jenkins\tmp\workspace\build\src\src\hotspot\share\oops\constantPool.cpp, line 835]
Event: 2488.291 Thread 0x000001af34c27eb0 Exception <a 'java/lang/NoClassDefFoundError'{0x00000000c55b6500}: org/springframework/batch/core/repository/JobRepository> (0x00000000c55b6500) 
thrown [e:\jenkins\tmp\workspace\build\src\src\hotspot\share\oops\constantPool.cpp, line 835]
Event: 2488.291 Thread 0x000001af34c27eb0 Exception <a 'java/lang/NoClassDefFoundError'{0x00000000c55b6b48}: org/quartz/Scheduler> (0x00000000c55b6b48) 
thrown [e:\jenkins\tmp\workspace\build\src\src\hotspot\share\oops\constantPool.cpp, line 835]
Event: 2488.291 Thread 0x000001af34c27eb0 Exception <a 'java/lang/NoClassDefFoundError'{0x00000000c55b71b8}: org/springframework/session/jdbc/JdbcIndexedSessionRepository> (0x00000000c55b71b8) 
thrown [e:\jenkins\tmp\workspace\build\src\src\hotspot\share\oops\constantPool.cpp, line 835]
Event: 2488.483 Thread 0x000001af34c27eb0 Exception <a 'sun/nio/fs/WindowsException'{0x00000000c5e6f1d8}> (0x00000000c5e6f1d8) 
thrown [e:\jenkins\tmp\workspace\build\src\src\hotspot\share\prims\jni.cpp, line 516]
Event: 2488.483 Thread 0x000001af34c27eb0 Exception <a 'sun/nio/fs/WindowsException'{0x00000000c5e6f900}> (0x00000000c5e6f900) 
thrown [e:\jenkins\tmp\workspace\build\src\src\hotspot\share\prims\jni.cpp, line 516]
Event: 2488.483 Thread 0x000001af34c27eb0 Exception <a 'sun/nio/fs/WindowsException'{0x00000000c5e6fff8}> (0x00000000c5e6fff8) 
thrown [e:\jenkins\tmp\workspace\build\src\src\hotspot\share\prims\jni.cpp, line 516]
Event: 2488.496 Thread 0x000001af34c27eb0 Exception <a 'java/io/FileNotFoundException'{0x00000000c5eb0a80}> (0x00000000c5eb0a80) 
thrown [e:\jenkins\tmp\workspace\build\src\src\hotspot\share\prims\jni.cpp, line 516]
Event: 2488.526 Thread 0x000001af34c27eb0 Exception <a 'java/io/FileNotFoundException'{0x00000000c5b06608}> (0x00000000c5b06608) 
thrown [e:\jenkins\tmp\workspace\build\src\src\hotspot\share\prims\jni.cpp, line 516]

VM Operations (20 events):
Event: 2488.380 Executing VM operation: HandshakeAllThreads
Event: 2488.381 Executing VM operation: HandshakeAllThreads done
Event: 2488.413 Executing VM operation: HandshakeAllThreads
Event: 2488.413 Executing VM operation: HandshakeAllThreads done
Event: 2488.448 Executing VM operation: G1CollectForAllocation
Event: 2488.454 Executing VM operation: G1CollectForAllocation done
Event: 2488.465 Executing VM operation: G1CollectForAllocation
Event: 2488.467 Executing VM operation: G1CollectForAllocation done
Event: 2488.474 Executing VM operation: G1CollectForAllocation
Event: 2488.479 Executing VM operation: G1CollectForAllocation done
Event: 2488.512 Executing VM operation: HandshakeAllThreads
Event: 2488.512 Executing VM operation: HandshakeAllThreads done
Event: 2488.896 Executing VM operation: ICBufferFull
Event: 2488.896 Executing VM operation: ICBufferFull done
Event: 2489.220 Executing VM operation: ICBufferFull
Event: 2489.221 Executing VM operation: ICBufferFull done
Event: 2489.238 Executing VM operation: G1CollectForAllocation
Event: 2489.258 Executing VM operation: G1CollectForAllocation done
Event: 2490.209 Executing VM operation: ICBufferFull
Event: 2490.210 Executing VM operation: ICBufferFull done

Events (20 events):
Event: 2488.525 Thread 0x000001af2c324110 flushing nmethod 0x000001af1930e690
Event: 2488.526 Thread 0x000001af2c324110 flushing nmethod 0x000001af19336b10
Event: 2488.526 Thread 0x000001af2c324110 flushing nmethod 0x000001af19337690
Event: 2488.526 Thread 0x000001af2c324110 flushing nmethod 0x000001af1934d610
Event: 2488.526 Thread 0x000001af2c324110 flushing nmethod 0x000001af19375490
Event: 2488.526 Thread 0x000001af2c324110 flushing nmethod 0x000001af1937dd10
Event: 2488.526 Thread 0x000001af2c324110 flushing nmethod 0x000001af19391d90
Event: 2488.526 Thread 0x000001af2c324110 flushing nmethod 0x000001af1945ca10
Event: 2488.527 Thread 0x000001af2c324110 flushing nmethod 0x000001af19476090
Event: 2488.527 Thread 0x000001af2c324110 flushing nmethod 0x000001af19477290
Event: 2488.527 Thread 0x000001af2c324110 flushing nmethod 0x000001af19477d10
Event: 2488.527 Thread 0x000001af2c324110 flushing nmethod 0x000001af194aba90
Event: 2488.527 Thread 0x000001af2c324110 flushing nmethod 0x000001af194ae710
Event: 2488.527 Thread 0x000001af2c324110 flushing nmethod 0x000001af194f7810
Event: 2488.527 Thread 0x000001af34c22340 Thread added: 0x000001af34c22340
Event: 2488.528 Thread 0x000001af34c22810 Thread added: 0x000001af34c22810
Event: 2488.528 Thread 0x000001af34c26b70 Thread added: 0x000001af34c26b70
Event: 2488.528 Thread 0x000001af2c324110 flushing nmethod 0x000001af1969fb10
Event: 2488.823 Thread 0x000001af34c24020 Thread added: 0x000001af34c24020
Event: 2488.936 Thread 0x000001af34c25830 Thread added: 0x000001af34c25830


Dynamic libraries:
0x00007ff657f10000 - 0x00007ff657f1e000 	C:\Users\Victor Hugo Marques\.p2\pool\plugins\org.eclipse.justj.openjdk.hotspot.jre.full.win32.x86_64_17.0.1.v20211116-1657\jre\bin\javaw.exe
0x00007ffd1ee10000 - 0x00007ffd1f007000 	C:\WINDOWS\SYSTEM32\ntdll.dll
0x00007ffd1e170000 - 0x00007ffd1e22d000 	C:\WINDOWS\System32\KERNEL32.DLL
0x00007ffd1c700000 - 0x00007ffd1c9f6000 	C:\WINDOWS\System32\KERNELBASE.dll
0x00007ffd1ca00000 - 0x00007ffd1cb00000 	C:\WINDOWS\System32\ucrtbase.dll
0x00007ffcfd1c0000 - 0x00007ffcfd1d8000 	C:\Users\Victor Hugo Marques\.p2\pool\plugins\org.eclipse.justj.openjdk.hotspot.jre.full.win32.x86_64_17.0.1.v20211116-1657\jre\bin\jli.dll
0x00007ffd1d120000 - 0x00007ffd1d2be000 	C:\WINDOWS\System32\USER32.dll
0x00007ffd1c650000 - 0x00007ffd1c672000 	C:\WINDOWS\System32\win32u.dll
0x00007ffd1dd90000 - 0x00007ffd1ddbc000 	C:\WINDOWS\System32\GDI32.dll
0x00007ffd06830000 - 0x00007ffd06aca000 	C:\WINDOWS\WinSxS\amd64_microsoft.windows.common-controls_6595b64144ccf1df_6.0.19041.3570_none_60bb2a3971f3e41a\COMCTL32.dll
0x00007ffd0bbc0000 - 0x00007ffd0bbd9000 	C:\Users\Victor Hugo Marques\.p2\pool\plugins\org.eclipse.justj.openjdk.hotspot.jre.full.win32.x86_64_17.0.1.v20211116-1657\jre\bin\VCRUNTIME140.dll
0x00007ffd1cca0000 - 0x00007ffd1cdba000 	C:\WINDOWS\System32\gdi32full.dll
0x00007ffd1e0d0000 - 0x00007ffd1e16e000 	C:\WINDOWS\System32\msvcrt.dll
0x00007ffd1cb00000 - 0x00007ffd1cb9d000 	C:\WINDOWS\System32\msvcp_win.dll
0x00007ffd1d820000 - 0x00007ffd1d850000 	C:\WINDOWS\System32\IMM32.DLL
0x00007ffd0bbb0000 - 0x00007ffd0bbbc000 	C:\Users\Victor Hugo Marques\.p2\pool\plugins\org.eclipse.justj.openjdk.hotspot.jre.full.win32.x86_64_17.0.1.v20211116-1657\jre\bin\vcruntime140_1.dll
0x00007ffcf7220000 - 0x00007ffcf72b1000 	C:\Users\Victor Hugo Marques\.p2\pool\plugins\org.eclipse.justj.openjdk.hotspot.jre.full.win32.x86_64_17.0.1.v20211116-1657\jre\bin\msvcp140.dll
0x00007ffca8990000 - 0x00007ffca95d6000 	C:\Users\Victor Hugo Marques\.p2\pool\plugins\org.eclipse.justj.openjdk.hotspot.jre.full.win32.x86_64_17.0.1.v20211116-1657\jre\bin\server\jvm.dll
0x00007ffd1e2b0000 - 0x00007ffd1e35e000 	C:\WINDOWS\System32\ADVAPI32.dll
0x00007ffd1df00000 - 0x00007ffd1df9c000 	C:\WINDOWS\System32\sechost.dll
0x00007ffd1dfa0000 - 0x00007ffd1e0c6000 	C:\WINDOWS\System32\RPCRT4.dll
0x00007ffd1e2a0000 - 0x00007ffd1e2a8000 	C:\WINDOWS\System32\PSAPI.DLL
0x00007ffd0b540000 - 0x00007ffd0b549000 	C:\WINDOWS\SYSTEM32\WSOCK32.dll
0x00007ffd0a5b0000 - 0x00007ffd0a5d7000 	C:\WINDOWS\SYSTEM32\WINMM.dll
0x00007ffd0c5f0000 - 0x00007ffd0c5fa000 	C:\WINDOWS\SYSTEM32\VERSION.dll
0x00007ffd1e230000 - 0x00007ffd1e29b000 	C:\WINDOWS\System32\WS2_32.dll
0x00007ffd1a350000 - 0x00007ffd1a362000 	C:\WINDOWS\SYSTEM32\kernel.appcore.dll
0x00007ffd168d0000 - 0x00007ffd168da000 	C:\Users\Victor Hugo Marques\.p2\pool\plugins\org.eclipse.justj.openjdk.hotspot.jre.full.win32.x86_64_17.0.1.v20211116-1657\jre\bin\jimage.dll
0x00007ffd16100000 - 0x00007ffd162e4000 	C:\WINDOWS\SYSTEM32\DBGHELP.DLL
0x00007ffd15dd0000 - 0x00007ffd15e04000 	C:\WINDOWS\SYSTEM32\dbgcore.DLL
0x00007ffd1cba0000 - 0x00007ffd1cc22000 	C:\WINDOWS\System32\bcryptPrimitives.dll
0x00007ffcfb0b0000 - 0x00007ffcfb0d5000 	C:\Users\Victor Hugo Marques\.p2\pool\plugins\org.eclipse.justj.openjdk.hotspot.jre.full.win32.x86_64_17.0.1.v20211116-1657\jre\bin\java.dll
0x00007ffcfb570000 - 0x00007ffcfb588000 	C:\Users\Victor Hugo Marques\.p2\pool\plugins\org.eclipse.justj.openjdk.hotspot.jre.full.win32.x86_64_17.0.1.v20211116-1657\jre\bin\zip.dll
0x00007ffd1e580000 - 0x00007ffd1ecc4000 	C:\WINDOWS\System32\SHELL32.dll
0x00007ffd1a550000 - 0x00007ffd1aceb000 	C:\WINDOWS\SYSTEM32\windows.storage.dll
0x00007ffd1d980000 - 0x00007ffd1dcd4000 	C:\WINDOWS\System32\combase.dll
0x00007ffd1be60000 - 0x00007ffd1be8d000 	C:\WINDOWS\SYSTEM32\Wldp.dll
0x00007ffd1dce0000 - 0x00007ffd1dd8d000 	C:\WINDOWS\System32\SHCORE.dll
0x00007ffd1cfa0000 - 0x00007ffd1cff5000 	C:\WINDOWS\System32\shlwapi.dll
0x00007ffd1c420000 - 0x00007ffd1c445000 	C:\WINDOWS\SYSTEM32\profapi.dll
0x00007ffcfb400000 - 0x00007ffcfb419000 	C:\Users\Victor Hugo Marques\.p2\pool\plugins\org.eclipse.justj.openjdk.hotspot.jre.full.win32.x86_64_17.0.1.v20211116-1657\jre\bin\net.dll
0x00007ffd16a80000 - 0x00007ffd16b8a000 	C:\WINDOWS\SYSTEM32\WINHTTP.dll
0x00007ffd1bb60000 - 0x00007ffd1bbca000 	C:\WINDOWS\system32\mswsock.dll
0x00007ffcfaee0000 - 0x00007ffcfaef5000 	C:\Users\Victor Hugo Marques\.p2\pool\plugins\org.eclipse.justj.openjdk.hotspot.jre.full.win32.x86_64_17.0.1.v20211116-1657\jre\bin\nio.dll
0x00007ffd0bb50000 - 0x00007ffd0bb59000 	C:\Users\Victor Hugo Marques\.p2\pool\plugins\org.eclipse.justj.openjdk.hotspot.jre.full.win32.x86_64_17.0.1.v20211116-1657\jre\bin\management.dll
0x00007ffcfd150000 - 0x00007ffcfd15b000 	C:\Users\Victor Hugo Marques\.p2\pool\plugins\org.eclipse.justj.openjdk.hotspot.jre.full.win32.x86_64_17.0.1.v20211116-1657\jre\bin\management_ext.dll
0x00007ffd1bd10000 - 0x00007ffd1bd28000 	C:\WINDOWS\SYSTEM32\CRYPTSP.dll
0x00007ffd1b490000 - 0x00007ffd1b4c4000 	C:\WINDOWS\system32\rsaenh.dll
0x00007ffd1c6d0000 - 0x00007ffd1c6f7000 	C:\WINDOWS\System32\bcrypt.dll
0x00007ffd1c390000 - 0x00007ffd1c3be000 	C:\WINDOWS\SYSTEM32\USERENV.dll
0x00007ffd1bd00000 - 0x00007ffd1bd0c000 	C:\WINDOWS\SYSTEM32\CRYPTBASE.dll
0x00007ffd1b870000 - 0x00007ffd1b8ab000 	C:\WINDOWS\SYSTEM32\IPHLPAPI.DLL
0x00007ffd1e360000 - 0x00007ffd1e368000 	C:\WINDOWS\System32\NSI.dll
0x00007ffd16520000 - 0x00007ffd16537000 	C:\WINDOWS\SYSTEM32\dhcpcsvc6.DLL
0x00007ffd16360000 - 0x00007ffd1637d000 	C:\WINDOWS\SYSTEM32\dhcpcsvc.DLL
0x00007ffd1b8b0000 - 0x00007ffd1b97a000 	C:\WINDOWS\SYSTEM32\DNSAPI.dll
0x00007ffd0bd50000 - 0x00007ffd0bd5e000 	C:\Users\Victor Hugo Marques\.p2\pool\plugins\org.eclipse.justj.openjdk.hotspot.jre.full.win32.x86_64_17.0.1.v20211116-1657\jre\bin\sunmscapi.dll
0x00007ffd1c4f0000 - 0x00007ffd1c64d000 	C:\WINDOWS\System32\CRYPT32.dll
0x00007ffd1bed0000 - 0x00007ffd1bef7000 	C:\WINDOWS\SYSTEM32\ncrypt.dll
0x00007ffd1be90000 - 0x00007ffd1becb000 	C:\WINDOWS\SYSTEM32\NTASN1.dll
0x00007ffd13cd0000 - 0x00007ffd13ce0000 	C:\Users\Victor Hugo Marques\.p2\pool\plugins\org.eclipse.justj.openjdk.hotspot.jre.full.win32.x86_64_17.0.1.v20211116-1657\jre\bin\verify.dll
0x00007ffd13940000 - 0x00007ffd1394a000 	C:\Windows\System32\rasadhlp.dll
0x00007ffd132a0000 - 0x00007ffd13322000 	C:\WINDOWS\System32\fwpuclnt.dll
0x00007ffcf4bf0000 - 0x00007ffcf4bf7000 	C:\WINDOWS\system32\wshunix.dll

dbghelp: loaded successfully - version: 4.0.5 - missing functions: none
symbol engine: initialized successfully - sym options: 0x614 - pdb path: .;C:\Users\Victor Hugo Marques\.p2\pool\plugins\org.eclipse.justj.openjdk.hotspot.jre.full.win32.x86_64_17.0.1.v20211116-1657\jre\bin;C:\WINDOWS\SYSTEM32;C:\WINDOWS\WinSxS\amd64_microsoft.windows.common-controls_6595b64144ccf1df_6.0.19041.3570_none_60bb2a3971f3e41a;C:\Users\Victor Hugo Marques\.p2\pool\plugins\org.eclipse.justj.openjdk.hotspot.jre.full.win32.x86_64_17.0.1.v20211116-1657\jre\bin\server

VM Arguments:
jvm_args: -Dfile.encoding=UTF-8 -XX:+ShowCodeDetailsInExceptionMessages 
java_command: br.com.fluffynow.api.ApiApplication
java_class_path (initial): C:\Users\Victor Hugo Marques\Documents\VICTOR HUGO\UNB\fluffy-now\api\target\classes;C:\Users\Victor Hugo Marques\.m2\repository\org\springframework\boot\spring-boot-starter-web\3.1.3\spring-boot-starter-web-3.1.3.jar;C:\Users\Victor Hugo Marques\.m2\repository\org\springframework\boot\spring-boot-starter\3.1.3\spring-boot-starter-3.1.3.jar;C:\Users\Victor Hugo Marques\.m2\repository\org\springframework\boot\spring-boot-starter-logging\3.1.3\spring-boot-starter-logging-3.1.3.jar;C:\Users\Victor Hugo Marques\.m2\repository\ch\qos\logback\logback-classic\1.4.11\logback-classic-1.4.11.jar;C:\Users\Victor Hugo Marques\.m2\repository\ch\qos\logback\logback-core\1.4.11\logback-core-1.4.11.jar;C:\Users\Victor Hugo Marques\.m2\repository\org\apache\logging\log4j\log4j-to-slf4j\2.20.0\log4j-to-slf4j-2.20.0.jar;C:\Users\Victor Hugo Marques\.m2\repository\org\apache\logging\log4j\log4j-api\2.20.0\log4j-api-2.20.0.jar;C:\Users\Victor Hugo Marques\.m2\repository\org\slf4j\jul-to-slf4j\2.0.7\jul-to-slf4j-2.0.7.jar;C:\Users\Victor Hugo Marques\.m2\repository\jakarta\annotation\jakarta.annotation-api\2.1.1\jakarta.annotation-api-2.1.1.jar;C:\Users\Victor Hugo Marques\.m2\repository\org\yaml\snakeyaml\1.33\snakeyaml-1.33.jar;C:\Users\Victor Hugo Marques\.m2\repository\org\springframework\boot\spring-boot-starter-json\3.1.3\spring-boot-starter-json-3.1.3.jar;C:\Users\Victor Hugo Marques\.m2\repository\com\fasterxml\jackson\core\jackson-databind\2.15.2\jackson-databind-2.15.2.jar;C:\Users\Victor Hugo Marques\.m2\repository\com\fasterxml\jackson\core\jackson-annotations\2.15.2\jackson-annotations-2.15.2.jar;C:\Users\Victor Hugo Marques\.m2\repository\com\fasterxml\jackson\core\jackson-core\2.15.2\jackson-core-2.15.2.jar;C:\Users\Victor Hugo Marques\.m2\repository\com\fasterxml\jackson\datatype\jackson-datatype-jdk8\2.15.2\jackson-datatype-jdk8-2.15.2.jar;C:\Users\Victor Hugo Marques\.m2\repository\com\fasterxml\jackson\datatype\jackson-datatype-jsr310\2.15.
Launcher Type: SUN_STANDARD

[Global flags]
     intx CICompilerCount                          = 3                                         {product} {ergonomic}
     uint ConcGCThreads                            = 1                                         {product} {ergonomic}
     uint G1ConcRefinementThreads                  = 4                                         {product} {ergonomic}
   size_t G1HeapRegionSize                         = 1048576                                   {product} {ergonomic}
    uintx GCDrainStackTargetSize                   = 64                                        {product} {ergonomic}
   size_t InitialHeapSize                          = 67108864                                  {product} {ergonomic}
   size_t MarkStackSize                            = 4194304                                   {product} {ergonomic}
   size_t MaxHeapSize                              = 1042284544                                {product} {ergonomic}
   size_t MaxNewSize                               = 624951296                                 {product} {ergonomic}
   size_t MinHeapDeltaBytes                        = 1048576                                   {product} {ergonomic}
   size_t MinHeapSize                              = 8388608                                   {product} {ergonomic}
    uintx NonNMethodCodeHeapSize                   = 5832780                                {pd product} {ergonomic}
    uintx NonProfiledCodeHeapSize                  = 122912730                              {pd product} {ergonomic}
    uintx ProfiledCodeHeapSize                     = 122912730                              {pd product} {ergonomic}
    uintx ReservedCodeCacheSize                    = 251658240                              {pd product} {ergonomic}
     bool SegmentedCodeCache                       = true                                      {product} {ergonomic}
     bool ShowCodeDetailsInExceptionMessages       = true                                   {manageable} {command line}
   size_t SoftMaxHeapSize                          = 1042284544                             {manageable} {ergonomic}
     bool UseCompressedClassPointers               = true                           {product lp64_product} {ergonomic}
     bool UseCompressedOops                        = true                           {product lp64_product} {ergonomic}
     bool UseG1GC                                  = true                                      {product} {ergonomic}
     bool UseLargePagesIndividualAllocation        = false                                  {pd product} {ergonomic}

Logging:
Log output configuration:
 #0: stdout all=warning uptime,level,tags
 #1: stderr all=off uptime,level,tags

Environment Variables:
JAVA_HOME=C:\Program Files\Java\jdk-11.0.13
PATH=C:/Users/Victor Hugo Marques/.p2/pool/plugins/org.eclipse.justj.openjdk.hotspot.jre.full.win32.x86_64_17.0.1.v20211116-1657/jre/bin/server;C:/Users/Victor Hugo Marques/.p2/pool/plugins/org.eclipse.justj.openjdk.hotspot.jre.full.win32.x86_64_17.0.1.v20211116-1657/jre/bin;C:\Program Files\Microsoft MPI\Bin\;C:\Program Files\Common Files\Oracle\Java\javapath;C:\ProgramData\Oracle\Java\javapath;C:\Program Files\Rockwell Software\RSCommon;C:\Program Files (x86)\Common Files\Oracle\Java\javapath;C:\Program Files (x86)\Intel\Intel(R) Management Engine Components\iCLS\;C:\Program Files\Intel\Intel(R) Management Engine Components\iCLS\;C:\WINDOWS\system32;C:\WINDOWS;C:\WINDOWS\System32\Wbem;C:\WINDOWS\System32\WindowsPowerShell\v1.0\;C:\Program Files (x86)\Intel\Intel(R) Management Engine Components\DAL;C:\Program Files\Intel\Intel(R) Management Engine Components\DAL;C:\Program Files (x86)\Intel\Intel(R) Management Engine Components\IPT;C:\Program Files\Intel\Intel(R) Management Engine Components\IPT;C:\Program Files\MATLAB\R2017b\runtime\win64;C:\Program Files\MATLAB\R2017b\bin;C:\Cadence\SPB_16.6\tools\pcb\bin;C:\Cadence\SPB_16.6\tools\bin;C:\Cadence\SPB_16.6\tools\libutil\bin;C:\Cadence\SPB_16.6\tools\fet\bin;C:\Cadence\SPB_16.6\tools\specctra\bin;C:\Cadence\SPB_16.6\tools\pspice;C:\Cadence\SPB_16.6\tools\capture;C:\Cadence\SPB_16.6\openaccess\bin\win32\opt;C:\WINDOWS\System32\OpenSSH\;C:\Program Files (x86)\HP\Common\HPDestPlgIn\;C:\Program Files (x86)\Microsoft SQL Server\150\Tools\Binn\;C:\Program Files\Microsoft SQL Server\150\Tools\Binn\;C:\Program Files (x86)\Microsoft SQL Server\150\DTS\Binn\;C:\Program Files\Microsoft SQL Server\150\DTS\Binn\;C:\Program Files\Microsoft SQL Server\Client SDK\ODBC\170\Tools\Binn\;C:\Program Files\Azure Data Studio\bin;C:\Program Files\Java\jdk-11.0.13\bin;C:\Program Files\Docker\Docker\resources\bin;C:\Program Files\Git\cmd;C:\Program Files\nodejs\;C:\Program Files\MySQL\MySQL Shell 8.0\bin\;C:\Users\Victor Hugo Marques\AppData\Lo
USERNAME=Victor Hugo Marques
OS=Windows_NT
PROCESSOR_IDENTIFIER=Intel64 Family 6 Model 142 Stepping 10, GenuineIntel



---------------  S Y S T E M  ---------------

OS:
 Windows 10 , 64 bit Build 19041 (10.0.19041.3570)
OS uptime: 4 days 11:23 hours
Hyper-V role detected

CPU: total 4 (initial active 4) (2 cores per cpu, 2 threads per core) family 6 model 142 stepping 10 microcode 0xb4, cx8, cmov, fxsr, ht, mmx, 3dnowpref, sse, sse2, sse3, ssse3, sse4.1, sse4.2, popcnt, lzcnt, tsc, tscinvbit, avx, avx2, aes, erms, clmul, bmi1, bmi2, adx, fma, vzeroupper, clflush, clflushopt, hv

Memory: 4k page, system-wide physical 3971M (231M free)
TotalPageFile size 12163M (AvailPageFile size 12M)
current process WorkingSet (physical memory assigned to process): 191M, peak: 313M
current process commit charge ("private bytes"): 447M, peak: 463M

vm_info: OpenJDK 64-Bit Server VM (17.0.1+12) for windows-amd64 JRE (17.0.1+12), built on Oct 20 2021 07:42:55 by "" with MS VC++ 16.7 (VS2019)

END.
